[ 2015-10-15T01:05:45+08:00 ] ::1 /ondeday/server/Admin.php
ERR: 无法加载控制器:Index

[ 2015-10-15T01:06:56+08:00 ] ::1 /ondeday/server/Admin.php?c=User&a=login
ERR: 无法加载控制器:User

[ 2015-10-15T01:07:10+08:00 ] ::1 /ondeday/server/Admin.php?m=Home&c=User&a=login
ERR: 无法加载控制器:User

[ 2015-10-15T01:07:30+08:00 ] ::1 /ondeday/server/Admin.php?m=Home&c=User&a=login
ERR: 无法加载控制器:User

[ 2015-10-15T01:07:44+08:00 ] ::1 /ondeday/server/Admin.php?m=Admin&c=User&a=login
ERR: 无法加载控制器:User

[ 2015-10-15T01:26:19+08:00 ] ::1 /ondeday/server/admin.php?m=Admin&c=User&a=index
ERR: 非法操作:index

[ 2015-10-15T01:31:13+08:00 ] ::1 /ondeday/server/admin.php?m=Admin&c=User&a=index
ERR: 非法操作:index

[ 2015-10-15T01:31:16+08:00 ] ::1 /ondeday/server/admin.php?m=Admin&c=User&a=index
ERR: 非法操作:index

[ 2015-10-15T01:31:23+08:00 ] ::1 /ondeday/server/admin.php?m=Admin&c=User&a=createActivity
ERR: 模板不存在:./Application/Admin/View/User/createActivity.html

[ 2015-10-15T01:31:43+08:00 ] ::1 /ondeday/server/admin.php?m=Admin&c=User&a=login
ERR: Think\Model:login方法不存在！

[ 2015-10-15T01:32:07+08:00 ] ::1 /ondeday/server/admin.php?m=Admin&c=User&a=login
ERR: Think\Model:login方法不存在！

[ 2015-10-15T01:32:39+08:00 ] ::1 /ondeday/server/admin.php?m=Admin&c=User&a=createActivity
ERR: 模板不存在:./Application/Admin/View/User/createActivity.html

[ 2015-10-15T01:40:49+08:00 ] ::1 /ondeday/server/admin.php?m=Admin&c=User&a=createActivity
ERR: 模板不存在:./Application/Admin/View/User/createActivity.html

[ 2015-10-15T01:43:09+08:00 ] ::1 /ondeday/server/admin.php?m=Admin&c=Provider&a=index
ERR: 无法加载控制器:Provider

[ 2015-10-15T01:43:48+08:00 ] ::1 /ondeday/server/admin.php?m=Admin&c=User&a=createActivity
ERR: 模板不存在:./Application/Admin/View/User/createActivity.html

[ 2015-10-15T01:47:15+08:00 ] ::1 /ondeday/server/admin.php?m=Admin&c=User&a=loout
ERR: 非法操作:loout

[ 2015-10-15T01:54:10+08:00 ] ::1 /ondeday/server/admin.php?m=Admin&c=User&a=createActivity
ERR: 模板不存在:./Application/Admin/View/User/createActivity.html

[ 2015-10-15T01:58:12+08:00 ] ::1 /ondeday/server/admin.php?m=Admin&c=User&a=createActivity
ERR: 模板不存在:./Application/Admin/View/User/createActivity.html

[ 2015-10-15T02:10:07+08:00 ] ::1 /ondeday/server/admin.php?m=Admin&c=User&a=createActivity
ERR: 模板不存在:./Application/Admin/View/User/createActivity.html

[ 2015-10-15T15:16:52+08:00 ] ::1 /ondeday/server/admin.php?m=Admin&c=User&a=createActivity
ERR: 模板不存在:./Application/Admin/View/User/createActivity.html

[ 2015-10-15T15:19:27+08:00 ] ::1 /ondeday/server/admin.php?m=Admin&c=User&a=createActivity
ERR: 模板不存在:./Application/Admin/View/User/createActivity.html

[ 2015-10-15T16:35:04+08:00 ] 127.0.0.1 /ondeday/server/admin.php?m=Admin&c=User&a=viewActivity&aid=1
ERR: 非法操作:viewActivity

[ 2015-10-15T16:42:26+08:00 ] ::1 /ondeday/server/admin.php?m=Admin&c=User&a=viewActivity&aid=6
ERR: 非法操作:viewActivity

[ 2015-10-15T16:50:26+08:00 ] ::1 /ondeday/server/admin.php?m=Admin&c=Provider&a=manageservice
ERR: 无法加载控制器:Provider

[ 2015-10-15T16:53:29+08:00 ] 127.0.0.1 /ondeday/server/admin.php?m=Home&c=Activity&a=createActivityUserExcel&aid=6
ERR: 无法加载控制器:Activity

[ 2015-10-15T17:17:16+08:00 ] 127.0.0.1 /ondeday/server/index.php?m=Admin
ERR: 无法加载控制器:Index

