[ 2015-01-05T00:09:03+08:00 ] 127.0.0.1 /oneday/oneday/server/index.php?m=Home&c=User&a=getUid
INFO: [ app_begin ] --START--
INFO: Run Behavior\ReadHtmlCacheBehavior [ RunTime:0.059269s ]
INFO: [ app_begin ] --END-- [ RunTime:0.197286s ]

[ 2015-01-05T00:09:03+08:00 ] 127.0.0.1 /oneday/oneday/server/index.php?m=Home&c=User&a=getUid
INFO: [ app_begin ] --START--
INFO: Run Behavior\ReadHtmlCacheBehavior [ RunTime:0.059822s ]
INFO: [ app_begin ] --END-- [ RunTime:0.197450s ]

[ 2015-01-05T00:09:03+08:00 ] 127.0.0.1 /oneday/oneday/server/index.php?m=Home&c=Schedule&a=day
INFO: [ app_begin ] --START--
INFO: Run Behavior\ReadHtmlCacheBehavior [ RunTime:0.000615s ]
INFO: [ app_begin ] --END-- [ RunTime:0.001076s ]

[ 2015-01-05T00:09:12+08:00 ] 127.0.0.1 /oneday/oneday/server/index.php?m=Home&c=User&a=login
INFO: [ app_begin ] --START--
INFO: Run Behavior\ReadHtmlCacheBehavior [ RunTime:0.000954s ]
INFO: [ app_begin ] --END-- [ RunTime:0.001446s ]
SQL: SHOW COLUMNS FROM `user` [ RunTime:0.1312s ]
SQL: SELECT * FROM `user` WHERE `name` = '5@6.com' AND `pwd` = 'qweqwe' LIMIT 1   [ RunTime:0.0005s ]
INFO: [ app_end ] --START--
INFO: Run Behavior\ShowPageTraceBehavior [ RunTime:0.044384s ]
INFO: [ app_end ] --END-- [ RunTime:0.044486s ]

[ 2015-01-05T00:09:18+08:00 ] 127.0.0.1 /oneday/oneday/server/index.php?m=Home&c=User&a=sign
INFO: [ app_begin ] --START--
INFO: Run Behavior\ReadHtmlCacheBehavior [ RunTime:0.001117s ]
INFO: [ app_begin ] --END-- [ RunTime:0.001697s ]
SQL: SHOW COLUMNS FROM `user` [ RunTime:0.0031s ]
SQL: SELECT * FROM `user` WHERE `name` = '5@6.com' LIMIT 1   [ RunTime:0.0003s ]

[ 2015-01-05T00:09:19+08:00 ] 127.0.0.1 /oneday/oneday/server/index.php?m=Home&c=User&a=sign
INFO: [ app_begin ] --START--
INFO: Run Behavior\ReadHtmlCacheBehavior [ RunTime:0.001113s ]
INFO: [ app_begin ] --END-- [ RunTime:0.001818s ]
SQL: SHOW COLUMNS FROM `user` [ RunTime:0.0045s ]
SQL: SELECT * FROM `user` WHERE `name` = '5@6.com' LIMIT 1   [ RunTime:0.0005s ]

[ 2015-01-05T00:14:43+08:00 ] 127.0.0.1 /oneday/oneday/server/index.php?m=Home&c=User&a=login
INFO: [ app_begin ] --START--
INFO: Run Behavior\ReadHtmlCacheBehavior [ RunTime:0.001211s ]
INFO: [ app_begin ] --END-- [ RunTime:0.001978s ]
SQL: SHOW COLUMNS FROM `user` [ RunTime:0.0050s ]
SQL: SELECT * FROM `user` WHERE `name` = '5@6.com' AND `pwd` = 'efe6398127928f1b2e9ef3207fb82663' LIMIT 1   [ RunTime:0.0005s ]
INFO: [ app_end ] --START--
INFO: Run Behavior\ShowPageTraceBehavior [ RunTime:0.000995s ]
INFO: [ app_end ] --END-- [ RunTime:0.001078s ]

[ 2015-01-05T00:14:44+08:00 ] 127.0.0.1 /oneday/oneday/server/index.php?m=Home&c=User&a=getUid
INFO: [ app_begin ] --START--
INFO: Run Behavior\ReadHtmlCacheBehavior [ RunTime:0.000591s ]
INFO: [ app_begin ] --END-- [ RunTime:0.000998s ]

[ 2015-01-05T00:14:44+08:00 ] 127.0.0.1 /oneday/oneday/server/index.php?m=Home&c=User&a=getUid
INFO: [ app_begin ] --START--
INFO: Run Behavior\ReadHtmlCacheBehavior [ RunTime:0.001911s ]
INFO: [ app_begin ] --END-- [ RunTime:0.003759s ]

[ 2015-01-05T00:14:44+08:00 ] 127.0.0.1 /oneday/oneday/server/index.php?m=Home&c=User&a=getUserInfo
INFO: [ app_begin ] --START--
INFO: Run Behavior\ReadHtmlCacheBehavior [ RunTime:0.000735s ]
INFO: [ app_begin ] --END-- [ RunTime:0.001478s ]
SQL: SHOW COLUMNS FROM `user` [ RunTime:0.0053s ]
SQL: SELECT * FROM `user` WHERE `uid` = '7' LIMIT 1   [ RunTime:0.0007s ]

[ 2015-01-05T00:14:44+08:00 ] 127.0.0.1 /oneday/oneday/server/index.php?m=Home&c=Schedule&a=day
INFO: [ app_begin ] --START--
INFO: Run Behavior\ReadHtmlCacheBehavior [ RunTime:0.001141s ]
INFO: [ app_begin ] --END-- [ RunTime:0.001821s ]
SQL: SHOW COLUMNS FROM `schedule` [ RunTime:0.0079s ]
SQL: SELECT * FROM `schedule` WHERE `startTime` BETWEEN '2015-1-5 00:00:00' AND '2015-1-5 23:59:59' AND `uid` = '7'  [ RunTime:0.0007s ]
NOTIC: [2] Invalid argument supplied for foreach() F:\wamp\www\oneday\oneday\server\Application\Home\Controller\ScheduleController.class.php 第 50 行.

[ 2015-01-05T00:35:14+08:00 ] 127.0.0.1 /oneday/oneday/server/index.php?m=Home&c=User&a=login
INFO: [ app_begin ] --START--
INFO: Run Behavior\ReadHtmlCacheBehavior [ RunTime:0.001161s ]
INFO: [ app_begin ] --END-- [ RunTime:0.001882s ]
SQL: SHOW COLUMNS FROM `user` [ RunTime:0.0053s ]
SQL: SELECT * FROM `user` WHERE `name` = '1@2.com' AND `pwd` = 'efe6398127928f1b2e9ef3207fb82663' LIMIT 1   [ RunTime:0.0006s ]
INFO: [ app_end ] --START--
INFO: Run Behavior\ShowPageTraceBehavior [ RunTime:0.001613s ]
INFO: [ app_end ] --END-- [ RunTime:0.001757s ]

[ 2015-01-05T00:35:16+08:00 ] 127.0.0.1 /oneday/oneday/server/index.php?m=Home&c=User&a=sign
INFO: [ app_begin ] --START--
INFO: Run Behavior\ReadHtmlCacheBehavior [ RunTime:0.001309s ]
INFO: [ app_begin ] --END-- [ RunTime:0.001903s ]
SQL: SHOW COLUMNS FROM `user` [ RunTime:0.0044s ]
SQL: SELECT * FROM `user` WHERE `name` = '1@2.com' LIMIT 1   [ RunTime:0.0004s ]

[ 2015-01-05T00:35:17+08:00 ] 127.0.0.1 /oneday/oneday/server/index.php?m=Home&c=User&a=sign
INFO: [ app_begin ] --START--
INFO: Run Behavior\ReadHtmlCacheBehavior [ RunTime:0.000866s ]
INFO: [ app_begin ] --END-- [ RunTime:0.001397s ]
SQL: SHOW COLUMNS FROM `user` [ RunTime:0.0070s ]
SQL: SELECT * FROM `user` WHERE `name` = '1@2.com' LIMIT 1   [ RunTime:0.0006s ]

[ 2015-01-05T00:35:18+08:00 ] 127.0.0.1 /oneday/oneday/server/index.php?m=Home&c=User&a=sign
INFO: [ app_begin ] --START--
INFO: Run Behavior\ReadHtmlCacheBehavior [ RunTime:0.001978s ]
INFO: [ app_begin ] --END-- [ RunTime:0.002592s ]
SQL: SHOW COLUMNS FROM `user` [ RunTime:0.0062s ]
SQL: SELECT * FROM `user` WHERE `name` = '1@2.com' LIMIT 1   [ RunTime:0.0005s ]

[ 2015-01-05T00:35:19+08:00 ] 127.0.0.1 /oneday/oneday/server/index.php?m=Home&c=User&a=sign
INFO: [ app_begin ] --START--
INFO: Run Behavior\ReadHtmlCacheBehavior [ RunTime:0.001288s ]
INFO: [ app_begin ] --END-- [ RunTime:0.002315s ]
SQL: SHOW COLUMNS FROM `user` [ RunTime:0.0049s ]
SQL: SELECT * FROM `user` WHERE `name` = '1@2.com' LIMIT 1   [ RunTime:0.0015s ]

[ 2015-01-05T00:35:19+08:00 ] 127.0.0.1 /oneday/oneday/server/index.php?m=Home&c=User&a=sign
INFO: [ app_begin ] --START--
INFO: Run Behavior\ReadHtmlCacheBehavior [ RunTime:0.002023s ]
INFO: [ app_begin ] --END-- [ RunTime:0.003906s ]
SQL: SHOW COLUMNS FROM `user` [ RunTime:0.0038s ]
SQL: SELECT * FROM `user` WHERE `name` = '1@2.com' LIMIT 1   [ RunTime:0.0003s ]

[ 2015-01-05T00:35:19+08:00 ] 127.0.0.1 /oneday/oneday/server/index.php?m=Home&c=User&a=sign
INFO: [ app_begin ] --START--
INFO: Run Behavior\ReadHtmlCacheBehavior [ RunTime:0.000848s ]
INFO: [ app_begin ] --END-- [ RunTime:0.001399s ]
SQL: SHOW COLUMNS FROM `user` [ RunTime:0.0056s ]
SQL: SELECT * FROM `user` WHERE `name` = '1@2.com' LIMIT 1   [ RunTime:0.0004s ]

[ 2015-01-05T00:35:20+08:00 ] 127.0.0.1 /oneday/oneday/server/index.php?m=Home&c=User&a=sign
INFO: [ app_begin ] --START--
INFO: Run Behavior\ReadHtmlCacheBehavior [ RunTime:0.000830s ]
INFO: [ app_begin ] --END-- [ RunTime:0.001317s ]
SQL: SHOW COLUMNS FROM `user` [ RunTime:0.0055s ]
SQL: SELECT * FROM `user` WHERE `name` = '1@2.com' LIMIT 1   [ RunTime:0.0004s ]

[ 2015-01-05T00:35:21+08:00 ] 127.0.0.1 /oneday/oneday/server/index.php?m=Home&c=User&a=sign
INFO: [ app_begin ] --START--
INFO: Run Behavior\ReadHtmlCacheBehavior [ RunTime:0.000833s ]
INFO: [ app_begin ] --END-- [ RunTime:0.001327s ]
SQL: SHOW COLUMNS FROM `user` [ RunTime:0.0050s ]
SQL: SELECT * FROM `user` WHERE `name` = '1@2.com' LIMIT 1   [ RunTime:0.0003s ]

[ 2015-01-05T00:35:22+08:00 ] 127.0.0.1 /oneday/oneday/server/index.php?m=Home&c=User&a=sign
INFO: [ app_begin ] --START--
INFO: Run Behavior\ReadHtmlCacheBehavior [ RunTime:0.001084s ]
INFO: [ app_begin ] --END-- [ RunTime:0.001841s ]
SQL: SHOW COLUMNS FROM `user` [ RunTime:0.0067s ]
SQL: SELECT * FROM `user` WHERE `name` = '1@2.com' LIMIT 1   [ RunTime:0.0006s ]

[ 2015-01-05T00:35:23+08:00 ] 127.0.0.1 /oneday/oneday/server/index.php?m=Home&c=User&a=sign
INFO: [ app_begin ] --START--
INFO: Run Behavior\ReadHtmlCacheBehavior [ RunTime:0.001128s ]
INFO: [ app_begin ] --END-- [ RunTime:0.001869s ]
SQL: SHOW COLUMNS FROM `user` [ RunTime:0.0040s ]
SQL: SELECT * FROM `user` WHERE `name` = '1@2.com' LIMIT 1   [ RunTime:0.0008s ]

[ 2015-01-05T00:36:11+08:00 ] 127.0.0.1 /oneday/oneday/server/index.php?m=Home&c=User&a=sign
INFO: [ app_begin ] --START--
INFO: Run Behavior\ReadHtmlCacheBehavior [ RunTime:0.001224s ]
INFO: [ app_begin ] --END-- [ RunTime:0.001911s ]
SQL: SHOW COLUMNS FROM `user` [ RunTime:0.0057s ]
SQL: SELECT * FROM `user` WHERE `name` = '3@4.com' LIMIT 1   [ RunTime:0.0004s ]

[ 2015-01-05T00:36:19+08:00 ] 127.0.0.1 /oneday/oneday/server/index.php?m=Home&c=User&a=sign
INFO: [ app_begin ] --START--
INFO: Run Behavior\ReadHtmlCacheBehavior [ RunTime:0.001218s ]
INFO: [ app_begin ] --END-- [ RunTime:0.001945s ]
SQL: SHOW COLUMNS FROM `user` [ RunTime:0.0056s ]
SQL: SELECT * FROM `user` WHERE `name` = '5@6.com' LIMIT 1   [ RunTime:0.0005s ]

[ 2015-01-05T00:36:27+08:00 ] 127.0.0.1 /oneday/oneday/server/index.php?m=Home&c=User&a=sign
INFO: [ app_begin ] --START--
INFO: Run Behavior\ReadHtmlCacheBehavior [ RunTime:0.001438s ]
INFO: [ app_begin ] --END-- [ RunTime:0.004188s ]
SQL: SHOW COLUMNS FROM `user` [ RunTime:0.0039s ]
SQL: SELECT * FROM `user` WHERE `name` = '7@8.com' LIMIT 1   [ RunTime:0.0003s ]

[ 2015-01-05T00:36:37+08:00 ] 127.0.0.1 /oneday/oneday/server/index.php?m=Home&c=User&a=sign
INFO: [ app_begin ] --START--
INFO: Run Behavior\ReadHtmlCacheBehavior [ RunTime:0.001995s ]
INFO: [ app_begin ] --END-- [ RunTime:0.003012s ]
SQL: SHOW COLUMNS FROM `user` [ RunTime:0.0051s ]
SQL: SELECT * FROM `user` WHERE `name` = '9@10.com' LIMIT 1   [ RunTime:0.0004s ]
SQL: INSERT INTO `user` (`name`,`pwd`) VALUES ('9@10.com','efe6398127928f1b2e9ef3207fb82663') [ RunTime:0.2164s ]
INFO: [ app_end ] --START--
INFO: Run Behavior\ShowPageTraceBehavior [ RunTime:0.001054s ]
INFO: [ app_end ] --END-- [ RunTime:0.001134s ]

[ 2015-01-05T00:36:38+08:00 ] 127.0.0.1 /oneday/oneday/server/index.php?m=Home&c=User&a=getUid
INFO: [ app_begin ] --START--
INFO: Run Behavior\ReadHtmlCacheBehavior [ RunTime:0.004085s ]
INFO: [ app_begin ] --END-- [ RunTime:0.004830s ]

[ 2015-01-05T00:36:38+08:00 ] 127.0.0.1 /oneday/oneday/server/index.php?m=Home&c=User&a=getUid
INFO: [ app_begin ] --START--
INFO: Run Behavior\ReadHtmlCacheBehavior [ RunTime:0.001271s ]
INFO: [ app_begin ] --END-- [ RunTime:0.002070s ]

[ 2015-01-05T00:36:38+08:00 ] 127.0.0.1 /oneday/oneday/server/index.php?m=Home&c=Schedule&a=day
INFO: [ app_begin ] --START--
INFO: Run Behavior\ReadHtmlCacheBehavior [ RunTime:0.001174s ]
INFO: [ app_begin ] --END-- [ RunTime:0.002082s ]
SQL: SHOW COLUMNS FROM `schedule` [ RunTime:0.0081s ]
SQL: SELECT * FROM `schedule` WHERE `startTime` BETWEEN '2015-1-5 00:00:00' AND '2015-1-5 23:59:59' AND `uid` = '9'  [ RunTime:0.0006s ]
NOTIC: [2] Invalid argument supplied for foreach() F:\wamp\www\oneday\oneday\server\Application\Home\Controller\ScheduleController.class.php 第 50 行.

[ 2015-01-05T00:36:38+08:00 ] 127.0.0.1 /oneday/oneday/server/index.php?m=Home&c=User&a=getUserInfo
INFO: [ app_begin ] --START--
INFO: Run Behavior\ReadHtmlCacheBehavior [ RunTime:0.001484s ]
INFO: [ app_begin ] --END-- [ RunTime:0.002451s ]
SQL: SHOW COLUMNS FROM `user` [ RunTime:0.0077s ]
SQL: SELECT * FROM `user` WHERE `uid` = '9' LIMIT 1   [ RunTime:0.0007s ]

[ 2015-01-05T00:36:52+08:00 ] 127.0.0.1 /oneday/oneday/server/index.php?m=Home&c=Activity&a=queryAll
INFO: [ app_begin ] --START--
INFO: Run Behavior\ReadHtmlCacheBehavior [ RunTime:0.001041s ]
INFO: [ app_begin ] --END-- [ RunTime:0.001623s ]
SQL: SHOW COLUMNS FROM `activity` [ RunTime:0.0042s ]
SQL: SELECT COUNT(*) AS tp_count FROM `activity` WHERE ( state=0 and (class=2 or class=3 or class=4) ) LIMIT 1   [ RunTime:0.0004s ]
SQL: SELECT * FROM `activity` WHERE ( state=0 and (class=2 or class=3 or class=4) ) ORDER BY startTime LIMIT 0,4   [ RunTime:0.0004s ]

[ 2015-01-05T00:36:53+08:00 ] 127.0.0.1 /oneday/oneday/server/index.php?m=Home&c=User&a=getUid
INFO: [ app_begin ] --START--
INFO: Run Behavior\ReadHtmlCacheBehavior [ RunTime:0.001289s ]
INFO: [ app_begin ] --END-- [ RunTime:0.002253s ]

[ 2015-01-05T00:36:53+08:00 ] 127.0.0.1 /oneday/oneday/server/index.php?m=Home&c=Schedule&a=day
INFO: [ app_begin ] --START--
INFO: Run Behavior\ReadHtmlCacheBehavior [ RunTime:0.000853s ]
INFO: [ app_begin ] --END-- [ RunTime:0.001351s ]
SQL: SHOW COLUMNS FROM `schedule` [ RunTime:0.0045s ]
SQL: SELECT * FROM `schedule` WHERE `startTime` BETWEEN '2015-1-5 00:00:00' AND '2015-1-5 23:59:59' AND `uid` = '9'  [ RunTime:0.0004s ]
NOTIC: [2] Invalid argument supplied for foreach() F:\wamp\www\oneday\oneday\server\Application\Home\Controller\ScheduleController.class.php 第 50 行.

[ 2015-01-05T00:36:55+08:00 ] 127.0.0.1 /oneday/oneday/server/index.php?m=Home&c=Activity&a=queryAll
INFO: [ app_begin ] --START--
INFO: Run Behavior\ReadHtmlCacheBehavior [ RunTime:0.000945s ]
INFO: [ app_begin ] --END-- [ RunTime:0.001529s ]
SQL: SHOW COLUMNS FROM `activity` [ RunTime:0.0041s ]
SQL: SELECT COUNT(*) AS tp_count FROM `activity` WHERE ( state=0 and (class=2 or class=3 or class=4) ) LIMIT 1   [ RunTime:0.0004s ]
SQL: SELECT * FROM `activity` WHERE ( state=0 and (class=2 or class=3 or class=4) ) ORDER BY startTime LIMIT 0,4   [ RunTime:0.0005s ]

[ 2015-01-05T00:36:56+08:00 ] 127.0.0.1 /oneday/oneday/server/index.php?m=Home&c=User&a=getUid
INFO: [ app_begin ] --START--
INFO: Run Behavior\ReadHtmlCacheBehavior [ RunTime:0.000992s ]
INFO: [ app_begin ] --END-- [ RunTime:0.001597s ]

[ 2015-01-05T00:36:56+08:00 ] 127.0.0.1 /oneday/oneday/server/index.php?m=Home&c=Schedule&a=day
INFO: [ app_begin ] --START--
INFO: Run Behavior\ReadHtmlCacheBehavior [ RunTime:0.000850s ]
INFO: [ app_begin ] --END-- [ RunTime:0.001322s ]
SQL: SHOW COLUMNS FROM `schedule` [ RunTime:0.0044s ]
SQL: SELECT * FROM `schedule` WHERE `startTime` BETWEEN '2015-1-5 00:00:00' AND '2015-1-5 23:59:59' AND `uid` = '9'  [ RunTime:0.0005s ]
NOTIC: [2] Invalid argument supplied for foreach() F:\wamp\www\oneday\oneday\server\Application\Home\Controller\ScheduleController.class.php 第 50 行.

[ 2015-01-05T00:37:04+08:00 ] 127.0.0.1 /oneday/oneday/server/index.php?m=Home&c=Schedule&a=create
INFO: [ app_begin ] --START--
INFO: Run Behavior\ReadHtmlCacheBehavior [ RunTime:0.000911s ]
INFO: [ app_begin ] --END-- [ RunTime:0.001477s ]
SQL: SHOW COLUMNS FROM `schedule` [ RunTime:0.0039s ]
SQL: INSERT INTO `schedule` (`title`,`location`,`startTime`,`endTime`,`content`,`uid`,`tag`,`participant`,`state`,`check`,`class`) VALUES ('嘿嘿','','2015-1-5 0:36:00','2015-1-5 1:36:00','嘿嘿','9','','','0','','0') [ RunTime:0.1152s ]
INFO: [ app_end ] --START--
INFO: Run Behavior\ShowPageTraceBehavior [ RunTime:0.001060s ]
INFO: [ app_end ] --END-- [ RunTime:0.001144s ]

[ 2015-01-05T00:37:04+08:00 ] 127.0.0.1 /oneday/oneday/server/index.php?m=Home&c=User&a=getUid
INFO: [ app_begin ] --START--
INFO: Run Behavior\ReadHtmlCacheBehavior [ RunTime:0.001479s ]
INFO: [ app_begin ] --END-- [ RunTime:0.002425s ]

[ 2015-01-05T00:37:04+08:00 ] 127.0.0.1 /oneday/oneday/server/index.php?m=Home&c=Schedule&a=day
INFO: [ app_begin ] --START--
INFO: Run Behavior\ReadHtmlCacheBehavior [ RunTime:0.000881s ]
INFO: [ app_begin ] --END-- [ RunTime:0.001411s ]
SQL: SHOW COLUMNS FROM `schedule` [ RunTime:0.0040s ]
SQL: SELECT * FROM `schedule` WHERE `startTime` BETWEEN '2015-1-5 00:00:00' AND '2015-1-5 23:59:59' AND `uid` = '9'  [ RunTime:0.0005s ]

[ 2015-01-05T00:37:06+08:00 ] 127.0.0.1 /oneday/oneday/server/index.php?m=Home&c=Schedule&a=query
INFO: [ app_begin ] --START--
INFO: Run Behavior\ReadHtmlCacheBehavior [ RunTime:0.000955s ]
INFO: [ app_begin ] --END-- [ RunTime:0.001538s ]
SQL: SHOW COLUMNS FROM `schedule` [ RunTime:0.0040s ]
SQL: SELECT * FROM `schedule` WHERE `uid` = '9' AND `sid` = '22' LIMIT 1   [ RunTime:0.0005s ]

[ 2015-01-05T00:39:44+08:00 ] 127.0.0.1 /oneday/oneday/server/index.php?m=Home&c=User&a=getUid
INFO: [ app_begin ] --START--
INFO: Run Behavior\ReadHtmlCacheBehavior [ RunTime:0.001500s ]
INFO: [ app_begin ] --END-- [ RunTime:0.002174s ]

[ 2015-01-05T00:39:44+08:00 ] 127.0.0.1 /oneday/oneday/server/index.php?m=Home&c=User&a=getUid
INFO: [ app_begin ] --START--
INFO: Run Behavior\ReadHtmlCacheBehavior [ RunTime:0.004205s ]
INFO: [ app_begin ] --END-- [ RunTime:0.005065s ]

[ 2015-01-05T00:39:44+08:00 ] 127.0.0.1 /oneday/oneday/server/index.php?m=Home&c=Schedule&a=day
INFO: [ app_begin ] --START--
INFO: Run Behavior\ReadHtmlCacheBehavior [ RunTime:0.000989s ]
INFO: [ app_begin ] --END-- [ RunTime:0.001511s ]
SQL: SHOW COLUMNS FROM `schedule` [ RunTime:0.0067s ]
SQL: SELECT * FROM `schedule` WHERE `startTime` BETWEEN '2015-1-5 00:00:00' AND '2015-1-5 23:59:59' AND `uid` = '9'  [ RunTime:0.0007s ]

[ 2015-01-05T00:39:44+08:00 ] 127.0.0.1 /oneday/oneday/server/index.php?m=Home&c=User&a=getUserInfo
INFO: [ app_begin ] --START--
INFO: Run Behavior\ReadHtmlCacheBehavior [ RunTime:0.001657s ]
INFO: [ app_begin ] --END-- [ RunTime:0.002438s ]
SQL: SHOW COLUMNS FROM `user` [ RunTime:0.0076s ]
SQL: SELECT * FROM `user` WHERE `uid` = '9' LIMIT 1   [ RunTime:0.0019s ]

[ 2015-01-05T00:39:44+08:00 ] 127.0.0.1 /oneday/oneday/server/index.php?m=Home&c=User&a=getUid
INFO: [ app_begin ] --START--
INFO: Run Behavior\ReadHtmlCacheBehavior [ RunTime:0.001246s ]
INFO: [ app_begin ] --END-- [ RunTime:0.001970s ]

[ 2015-01-05T00:39:44+08:00 ] 127.0.0.1 /oneday/oneday/server/index.php?m=Home&c=User&a=getUid
INFO: [ app_begin ] --START--
INFO: Run Behavior\ReadHtmlCacheBehavior [ RunTime:0.001233s ]
INFO: [ app_begin ] --END-- [ RunTime:0.001987s ]

[ 2015-01-05T00:39:44+08:00 ] 127.0.0.1 /oneday/oneday/server/index.php?m=Home&c=Schedule&a=day
INFO: [ app_begin ] --START--
INFO: Run Behavior\ReadHtmlCacheBehavior [ RunTime:0.001183s ]
INFO: [ app_begin ] --END-- [ RunTime:0.001759s ]
SQL: SHOW COLUMNS FROM `schedule` [ RunTime:0.0043s ]
SQL: SELECT * FROM `schedule` WHERE `startTime` BETWEEN '2015-1-5 00:00:00' AND '2015-1-5 23:59:59' AND `uid` = '9'  [ RunTime:0.0005s ]

[ 2015-01-05T00:39:44+08:00 ] 127.0.0.1 /oneday/oneday/server/index.php?m=Home&c=User&a=getUserInfo
INFO: [ app_begin ] --START--
INFO: Run Behavior\ReadHtmlCacheBehavior [ RunTime:0.000744s ]
INFO: [ app_begin ] --END-- [ RunTime:0.001205s ]
SQL: SHOW COLUMNS FROM `user` [ RunTime:0.0073s ]
SQL: SELECT * FROM `user` WHERE `uid` = '9' LIMIT 1   [ RunTime:0.0007s ]

[ 2015-01-05T00:39:56+08:00 ] 127.0.0.1 /oneday/oneday/server/index.php?m=Home&c=User&a=getUid
INFO: [ app_begin ] --START--
INFO: Run Behavior\ReadHtmlCacheBehavior [ RunTime:0.001586s ]
INFO: [ app_begin ] --END-- [ RunTime:0.002523s ]

[ 2015-01-05T00:39:56+08:00 ] 127.0.0.1 /oneday/oneday/server/index.php?m=Home&c=User&a=getUid
INFO: [ app_begin ] --START--
INFO: Run Behavior\ReadHtmlCacheBehavior [ RunTime:0.001835s ]
INFO: [ app_begin ] --END-- [ RunTime:0.002641s ]

[ 2015-01-05T00:39:56+08:00 ] 127.0.0.1 /oneday/oneday/server/index.php?m=Home&c=User&a=getUserInfo
INFO: [ app_begin ] --START--
INFO: Run Behavior\ReadHtmlCacheBehavior [ RunTime:0.001213s ]
INFO: [ app_begin ] --END-- [ RunTime:0.001897s ]
SQL: SHOW COLUMNS FROM `user` [ RunTime:0.0088s ]
SQL: SELECT * FROM `user` WHERE `uid` = '9' LIMIT 1   [ RunTime:0.0006s ]

[ 2015-01-05T00:39:56+08:00 ] 127.0.0.1 /oneday/oneday/server/index.php?m=Home&c=Schedule&a=day
INFO: [ app_begin ] --START--
INFO: Run Behavior\ReadHtmlCacheBehavior [ RunTime:0.001403s ]
INFO: [ app_begin ] --END-- [ RunTime:0.002129s ]
SQL: SHOW COLUMNS FROM `schedule` [ RunTime:0.0077s ]
SQL: SELECT * FROM `schedule` WHERE `startTime` BETWEEN '2015-1-5 00:00:00' AND '2015-1-5 23:59:59' AND `uid` = '9'  [ RunTime:0.0007s ]

[ 2015-01-05T00:39:56+08:00 ] 127.0.0.1 /oneday/oneday/server/index.php?m=Home&c=User&a=getUid
INFO: [ app_begin ] --START--
INFO: Run Behavior\ReadHtmlCacheBehavior [ RunTime:0.001060s ]
INFO: [ app_begin ] --END-- [ RunTime:0.001714s ]

[ 2015-01-05T00:39:56+08:00 ] 127.0.0.1 /oneday/oneday/server/index.php?m=Home&c=User&a=getUid
INFO: [ app_begin ] --START--
INFO: Run Behavior\ReadHtmlCacheBehavior [ RunTime:0.001238s ]
INFO: [ app_begin ] --END-- [ RunTime:0.001896s ]

[ 2015-01-05T00:39:57+08:00 ] 127.0.0.1 /oneday/oneday/server/index.php?m=Home&c=User&a=getUserInfo
INFO: [ app_begin ] --START--
INFO: Run Behavior\ReadHtmlCacheBehavior [ RunTime:0.001086s ]
INFO: [ app_begin ] --END-- [ RunTime:0.001885s ]
SQL: SHOW COLUMNS FROM `user` [ RunTime:0.0108s ]
SQL: SELECT * FROM `user` WHERE `uid` = '9' LIMIT 1   [ RunTime:0.0004s ]

[ 2015-01-05T00:39:57+08:00 ] 127.0.0.1 /oneday/oneday/server/index.php?m=Home&c=Schedule&a=day
INFO: [ app_begin ] --START--
INFO: Run Behavior\ReadHtmlCacheBehavior [ RunTime:0.001136s ]
INFO: [ app_begin ] --END-- [ RunTime:0.001953s ]
SQL: SHOW COLUMNS FROM `schedule` [ RunTime:0.0075s ]
SQL: SELECT * FROM `schedule` WHERE `startTime` BETWEEN '2015-1-5 00:00:00' AND '2015-1-5 23:59:59' AND `uid` = '9'  [ RunTime:0.0016s ]

[ 2015-01-05T00:43:58+08:00 ] 127.0.0.1 /oneday/oneday/server/index.php?m=Home&c=User&a=getUid
INFO: [ app_begin ] --START--
INFO: Run Behavior\ReadHtmlCacheBehavior [ RunTime:0.001083s ]
INFO: [ app_begin ] --END-- [ RunTime:0.001765s ]

[ 2015-01-05T00:43:58+08:00 ] 127.0.0.1 /oneday/oneday/server/index.php?m=Home&c=User&a=getUid
INFO: [ app_begin ] --START--
INFO: Run Behavior\ReadHtmlCacheBehavior [ RunTime:0.001015s ]
INFO: [ app_begin ] --END-- [ RunTime:0.001635s ]

[ 2015-01-05T00:43:59+08:00 ] 127.0.0.1 /oneday/oneday/server/index.php?m=Home&c=Schedule&a=day
INFO: [ app_begin ] --START--
INFO: Run Behavior\ReadHtmlCacheBehavior [ RunTime:0.000852s ]
INFO: [ app_begin ] --END-- [ RunTime:0.001419s ]
SQL: SHOW COLUMNS FROM `schedule` [ RunTime:0.0071s ]
SQL: SELECT * FROM `schedule` WHERE `startTime` BETWEEN '2015-1-5 00:00:00' AND '2015-1-5 23:59:59' AND `uid` = '9'  [ RunTime:0.0005s ]

[ 2015-01-05T00:43:59+08:00 ] 127.0.0.1 /oneday/oneday/server/index.php?m=Home&c=User&a=getUserInfo
INFO: [ app_begin ] --START--
INFO: Run Behavior\ReadHtmlCacheBehavior [ RunTime:0.001004s ]
INFO: [ app_begin ] --END-- [ RunTime:0.001627s ]
SQL: SHOW COLUMNS FROM `user` [ RunTime:0.0063s ]
SQL: SELECT * FROM `user` WHERE `uid` = '9' LIMIT 1   [ RunTime:0.0005s ]

[ 2015-01-05T00:49:14+08:00 ] 127.0.0.1 /oneday/oneday/server/index.php?m=Home&c=User&a=getUid
INFO: [ app_begin ] --START--
INFO: Run Behavior\ReadHtmlCacheBehavior [ RunTime:0.001196s ]
INFO: [ app_begin ] --END-- [ RunTime:0.001903s ]

[ 2015-01-05T00:49:14+08:00 ] 127.0.0.1 /oneday/oneday/server/index.php?m=Home&c=User&a=getUid
INFO: [ app_begin ] --START--
INFO: Run Behavior\ReadHtmlCacheBehavior [ RunTime:0.001247s ]
INFO: [ app_begin ] --END-- [ RunTime:0.002061s ]

[ 2015-01-05T00:49:14+08:00 ] 127.0.0.1 /oneday/oneday/server/index.php?m=Home&c=Schedule&a=day
INFO: [ app_begin ] --START--
INFO: Run Behavior\ReadHtmlCacheBehavior [ RunTime:0.001195s ]
INFO: [ app_begin ] --END-- [ RunTime:0.001938s ]
SQL: SHOW COLUMNS FROM `schedule` [ RunTime:0.0074s ]
SQL: SELECT * FROM `schedule` WHERE `startTime` BETWEEN '2015-1-5 00:00:00' AND '2015-1-5 23:59:59' AND `uid` = '9'  [ RunTime:0.0009s ]

[ 2015-01-05T00:49:14+08:00 ] 127.0.0.1 /oneday/oneday/server/index.php?m=Home&c=User&a=getUserInfo
INFO: [ app_begin ] --START--
INFO: Run Behavior\ReadHtmlCacheBehavior [ RunTime:0.001398s ]
INFO: [ app_begin ] --END-- [ RunTime:0.002191s ]
SQL: SHOW COLUMNS FROM `user` [ RunTime:0.0057s ]
SQL: SELECT * FROM `user` WHERE `uid` = '9' LIMIT 1   [ RunTime:0.0004s ]

[ 2015-01-05T00:49:14+08:00 ] 127.0.0.1 /oneday/oneday/server/index.php?m=Home&c=User&a=getUid
INFO: [ app_begin ] --START--
INFO: Run Behavior\ReadHtmlCacheBehavior [ RunTime:0.000884s ]
INFO: [ app_begin ] --END-- [ RunTime:0.001371s ]

[ 2015-01-05T00:49:14+08:00 ] 127.0.0.1 /oneday/oneday/server/index.php?m=Home&c=User&a=getUid
INFO: [ app_begin ] --START--
INFO: Run Behavior\ReadHtmlCacheBehavior [ RunTime:0.000850s ]
INFO: [ app_begin ] --END-- [ RunTime:0.001368s ]

[ 2015-01-05T00:49:15+08:00 ] 127.0.0.1 /oneday/oneday/server/index.php?m=Home&c=Schedule&a=day
INFO: [ app_begin ] --START--
INFO: Run Behavior\ReadHtmlCacheBehavior [ RunTime:0.001293s ]
INFO: [ app_begin ] --END-- [ RunTime:0.002056s ]
SQL: SHOW COLUMNS FROM `schedule` [ RunTime:0.0049s ]
SQL: SELECT * FROM `schedule` WHERE `startTime` BETWEEN '2015-1-5 00:00:00' AND '2015-1-5 23:59:59' AND `uid` = '9'  [ RunTime:0.0005s ]

[ 2015-01-05T00:49:15+08:00 ] 127.0.0.1 /oneday/oneday/server/index.php?m=Home&c=User&a=getUserInfo
INFO: [ app_begin ] --START--
INFO: Run Behavior\ReadHtmlCacheBehavior [ RunTime:0.007166s ]
INFO: [ app_begin ] --END-- [ RunTime:0.008137s ]
SQL: SHOW COLUMNS FROM `user` [ RunTime:0.0038s ]
SQL: SELECT * FROM `user` WHERE `uid` = '9' LIMIT 1   [ RunTime:0.0003s ]

[ 2015-01-05T00:49:33+08:00 ] 127.0.0.1 /oneday/oneday/server/index.php?m=Home&c=User&a=getUid
INFO: [ app_begin ] --START--
INFO: Run Behavior\ReadHtmlCacheBehavior [ RunTime:0.001314s ]
INFO: [ app_begin ] --END-- [ RunTime:0.002056s ]

[ 2015-01-05T00:49:33+08:00 ] 127.0.0.1 /oneday/oneday/server/index.php?m=Home&c=User&a=getUid
INFO: [ app_begin ] --START--
INFO: Run Behavior\ReadHtmlCacheBehavior [ RunTime:0.001064s ]
INFO: [ app_begin ] --END-- [ RunTime:0.001759s ]

[ 2015-01-05T00:49:33+08:00 ] 127.0.0.1 /oneday/oneday/server/index.php?m=Home&c=User&a=getUserInfo
INFO: [ app_begin ] --START--
INFO: Run Behavior\ReadHtmlCacheBehavior [ RunTime:0.001476s ]
INFO: [ app_begin ] --END-- [ RunTime:0.002382s ]
SQL: SHOW COLUMNS FROM `user` [ RunTime:0.0059s ]
SQL: SELECT * FROM `user` WHERE `uid` = '9' LIMIT 1   [ RunTime:0.0006s ]

[ 2015-01-05T00:49:33+08:00 ] 127.0.0.1 /oneday/oneday/server/index.php?m=Home&c=Schedule&a=day
INFO: [ app_begin ] --START--
INFO: Run Behavior\ReadHtmlCacheBehavior [ RunTime:0.003129s ]
INFO: [ app_begin ] --END-- [ RunTime:0.004359s ]
SQL: SHOW COLUMNS FROM `schedule` [ RunTime:0.0070s ]
SQL: SELECT * FROM `schedule` WHERE `startTime` BETWEEN '2015-1-5 00:00:00' AND '2015-1-5 23:59:59' AND `uid` = '9'  [ RunTime:0.0019s ]

[ 2015-01-05T00:51:34+08:00 ] 127.0.0.1 /oneday/oneday/server/index.php?m=Home&c=User&a=getUid
INFO: [ app_begin ] --START--
INFO: Run Behavior\ReadHtmlCacheBehavior [ RunTime:0.002602s ]
INFO: [ app_begin ] --END-- [ RunTime:0.003945s ]

[ 2015-01-05T00:51:34+08:00 ] 127.0.0.1 /oneday/oneday/server/index.php?m=Home&c=User&a=getUid
INFO: [ app_begin ] --START--
INFO: Run Behavior\ReadHtmlCacheBehavior [ RunTime:0.002784s ]
INFO: [ app_begin ] --END-- [ RunTime:0.003566s ]

[ 2015-01-05T00:51:34+08:00 ] 127.0.0.1 /oneday/oneday/server/index.php?m=Home&c=Schedule&a=day
INFO: [ app_begin ] --START--
INFO: Run Behavior\ReadHtmlCacheBehavior [ RunTime:0.000873s ]
INFO: [ app_begin ] --END-- [ RunTime:0.001469s ]
SQL: SHOW COLUMNS FROM `schedule` [ RunTime:0.0076s ]
SQL: SELECT * FROM `schedule` WHERE `startTime` BETWEEN '2015-1-5 00:00:00' AND '2015-1-5 23:59:59' AND `uid` = '9'  [ RunTime:0.0009s ]

[ 2015-01-05T00:51:34+08:00 ] 127.0.0.1 /oneday/oneday/server/index.php?m=Home&c=User&a=getUserInfo
INFO: [ app_begin ] --START--
INFO: Run Behavior\ReadHtmlCacheBehavior [ RunTime:0.001109s ]
INFO: [ app_begin ] --END-- [ RunTime:0.001750s ]
SQL: SHOW COLUMNS FROM `user` [ RunTime:0.0053s ]
SQL: SELECT * FROM `user` WHERE `uid` = '9' LIMIT 1   [ RunTime:0.0006s ]

[ 2015-01-05T00:51:34+08:00 ] 127.0.0.1 /oneday/oneday/server/index.php?m=Home&c=User&a=getUid
INFO: [ app_begin ] --START--
INFO: Run Behavior\ReadHtmlCacheBehavior [ RunTime:0.000851s ]
INFO: [ app_begin ] --END-- [ RunTime:0.001458s ]

[ 2015-01-05T00:51:34+08:00 ] 127.0.0.1 /oneday/oneday/server/index.php?m=Home&c=User&a=getUid
INFO: [ app_begin ] --START--
INFO: Run Behavior\ReadHtmlCacheBehavior [ RunTime:0.000905s ]
INFO: [ app_begin ] --END-- [ RunTime:0.001369s ]

[ 2015-01-05T00:51:35+08:00 ] 127.0.0.1 /oneday/oneday/server/index.php?m=Home&c=Schedule&a=day
INFO: [ app_begin ] --START--
INFO: Run Behavior\ReadHtmlCacheBehavior [ RunTime:0.001356s ]
INFO: [ app_begin ] --END-- [ RunTime:0.002130s ]
SQL: SHOW COLUMNS FROM `schedule` [ RunTime:0.0084s ]
SQL: SELECT * FROM `schedule` WHERE `startTime` BETWEEN '2015-1-5 00:00:00' AND '2015-1-5 23:59:59' AND `uid` = '9'  [ RunTime:0.0006s ]

[ 2015-01-05T00:51:35+08:00 ] 127.0.0.1 /oneday/oneday/server/index.php?m=Home&c=User&a=getUserInfo
INFO: [ app_begin ] --START--
INFO: Run Behavior\ReadHtmlCacheBehavior [ RunTime:0.001291s ]
INFO: [ app_begin ] --END-- [ RunTime:0.002117s ]
SQL: SHOW COLUMNS FROM `user` [ RunTime:0.0070s ]
SQL: SELECT * FROM `user` WHERE `uid` = '9' LIMIT 1   [ RunTime:0.0008s ]

[ 2015-01-05T00:51:35+08:00 ] 127.0.0.1 /oneday/oneday/server/index.php?m=Home&c=User&a=getUid
INFO: [ app_begin ] --START--
INFO: Run Behavior\ReadHtmlCacheBehavior [ RunTime:0.002018s ]
INFO: [ app_begin ] --END-- [ RunTime:0.003010s ]

[ 2015-01-05T00:51:35+08:00 ] 127.0.0.1 /oneday/oneday/server/index.php?m=Home&c=User&a=getUid
INFO: [ app_begin ] --START--
INFO: Run Behavior\ReadHtmlCacheBehavior [ RunTime:0.000974s ]
INFO: [ app_begin ] --END-- [ RunTime:0.001862s ]

[ 2015-01-05T00:51:35+08:00 ] 127.0.0.1 /oneday/oneday/server/index.php?m=Home&c=Schedule&a=day
INFO: [ app_begin ] --START--
INFO: Run Behavior\ReadHtmlCacheBehavior [ RunTime:0.002272s ]
INFO: [ app_begin ] --END-- [ RunTime:0.003591s ]
SQL: SHOW COLUMNS FROM `schedule` [ RunTime:0.0051s ]
SQL: SELECT * FROM `schedule` WHERE `startTime` BETWEEN '2015-1-5 00:00:00' AND '2015-1-5 23:59:59' AND `uid` = '9'  [ RunTime:0.0006s ]

[ 2015-01-05T00:51:35+08:00 ] 127.0.0.1 /oneday/oneday/server/index.php?m=Home&c=User&a=getUserInfo
INFO: [ app_begin ] --START--
INFO: Run Behavior\ReadHtmlCacheBehavior [ RunTime:0.000612s ]
INFO: [ app_begin ] --END-- [ RunTime:0.001093s ]
SQL: SHOW COLUMNS FROM `user` [ RunTime:0.0057s ]
SQL: SELECT * FROM `user` WHERE `uid` = '9' LIMIT 1   [ RunTime:0.0005s ]

[ 2015-01-05T00:51:50+08:00 ] 127.0.0.1 /oneday/oneday/server/index.php?m=Home&c=User&a=getUid
INFO: [ app_begin ] --START--
INFO: Run Behavior\ReadHtmlCacheBehavior [ RunTime:0.001149s ]
INFO: [ app_begin ] --END-- [ RunTime:0.001842s ]

[ 2015-01-05T00:51:50+08:00 ] 127.0.0.1 /oneday/oneday/server/index.php?m=Home&c=User&a=getUid
INFO: [ app_begin ] --START--
INFO: Run Behavior\ReadHtmlCacheBehavior [ RunTime:0.001326s ]
INFO: [ app_begin ] --END-- [ RunTime:0.002233s ]

[ 2015-01-05T00:51:50+08:00 ] 127.0.0.1 /oneday/oneday/server/index.php?m=Home&c=Schedule&a=day
INFO: [ app_begin ] --START--
INFO: Run Behavior\ReadHtmlCacheBehavior [ RunTime:0.001250s ]
INFO: [ app_begin ] --END-- [ RunTime:0.002100s ]
SQL: SHOW COLUMNS FROM `schedule` [ RunTime:0.0066s ]
SQL: SELECT * FROM `schedule` WHERE `startTime` BETWEEN '2015-1-5 00:00:00' AND '2015-1-5 23:59:59' AND `uid` = '9'  [ RunTime:0.0006s ]

[ 2015-01-05T00:51:50+08:00 ] 127.0.0.1 /oneday/oneday/server/index.php?m=Home&c=User&a=getUserInfo
INFO: [ app_begin ] --START--
INFO: Run Behavior\ReadHtmlCacheBehavior [ RunTime:0.001292s ]
INFO: [ app_begin ] --END-- [ RunTime:0.001989s ]
SQL: SHOW COLUMNS FROM `user` [ RunTime:0.0043s ]
SQL: SELECT * FROM `user` WHERE `uid` = '9' LIMIT 1   [ RunTime:0.0003s ]

[ 2015-01-05T00:51:51+08:00 ] 127.0.0.1 /oneday/oneday/server/index.php?m=Home&c=User&a=getUid
INFO: [ app_begin ] --START--
INFO: Run Behavior\ReadHtmlCacheBehavior [ RunTime:0.001211s ]
INFO: [ app_begin ] --END-- [ RunTime:0.001997s ]

[ 2015-01-05T00:51:51+08:00 ] 127.0.0.1 /oneday/oneday/server/index.php?m=Home&c=User&a=getUid
INFO: [ app_begin ] --START--
INFO: Run Behavior\ReadHtmlCacheBehavior [ RunTime:0.001644s ]
INFO: [ app_begin ] --END-- [ RunTime:0.002481s ]

[ 2015-01-05T00:51:51+08:00 ] 127.0.0.1 /oneday/oneday/server/index.php?m=Home&c=User&a=getUserInfo
INFO: [ app_begin ] --START--
INFO: Run Behavior\ReadHtmlCacheBehavior [ RunTime:0.001410s ]
INFO: [ app_begin ] --END-- [ RunTime:0.002133s ]
SQL: SHOW COLUMNS FROM `user` [ RunTime:0.0057s ]
SQL: SELECT * FROM `user` WHERE `uid` = '9' LIMIT 1   [ RunTime:0.0004s ]

[ 2015-01-05T00:51:51+08:00 ] 127.0.0.1 /oneday/oneday/server/index.php?m=Home&c=Schedule&a=day
INFO: [ app_begin ] --START--
INFO: Run Behavior\ReadHtmlCacheBehavior [ RunTime:0.001229s ]
INFO: [ app_begin ] --END-- [ RunTime:0.002057s ]
SQL: SHOW COLUMNS FROM `schedule` [ RunTime:0.0078s ]
SQL: SELECT * FROM `schedule` WHERE `startTime` BETWEEN '2015-1-5 00:00:00' AND '2015-1-5 23:59:59' AND `uid` = '9'  [ RunTime:0.0007s ]

[ 2015-01-05T00:51:56+08:00 ] 127.0.0.1 /oneday/oneday/server/index.php?m=Home&c=User&a=getUid
INFO: [ app_begin ] --START--
INFO: Run Behavior\ReadHtmlCacheBehavior [ RunTime:0.001731s ]
INFO: [ app_begin ] --END-- [ RunTime:0.002838s ]

[ 2015-01-05T00:51:56+08:00 ] 127.0.0.1 /oneday/oneday/server/index.php?m=Home&c=User&a=getUid
INFO: [ app_begin ] --START--
INFO: Run Behavior\ReadHtmlCacheBehavior [ RunTime:0.001170s ]
INFO: [ app_begin ] --END-- [ RunTime:0.001862s ]

[ 2015-01-05T00:51:56+08:00 ] 127.0.0.1 /oneday/oneday/server/index.php?m=Home&c=User&a=getUserInfo
INFO: [ app_begin ] --START--
INFO: Run Behavior\ReadHtmlCacheBehavior [ RunTime:0.001000s ]
INFO: [ app_begin ] --END-- [ RunTime:0.001781s ]
SQL: SHOW COLUMNS FROM `user` [ RunTime:0.0069s ]
SQL: SELECT * FROM `user` WHERE `uid` = '9' LIMIT 1   [ RunTime:0.0010s ]

[ 2015-01-05T00:51:56+08:00 ] 127.0.0.1 /oneday/oneday/server/index.php?m=Home&c=Schedule&a=day
INFO: [ app_begin ] --START--
INFO: Run Behavior\ReadHtmlCacheBehavior [ RunTime:0.001411s ]
INFO: [ app_begin ] --END-- [ RunTime:0.002202s ]
SQL: SHOW COLUMNS FROM `schedule` [ RunTime:0.0058s ]
SQL: SELECT * FROM `schedule` WHERE `startTime` BETWEEN '2015-1-5 00:00:00' AND '2015-1-5 23:59:59' AND `uid` = '9'  [ RunTime:0.0006s ]

[ 2015-01-05T00:51:58+08:00 ] 127.0.0.1 /oneday/oneday/server/index.php?m=Home&c=User&a=getUid
INFO: [ app_begin ] --START--
INFO: Run Behavior\ReadHtmlCacheBehavior [ RunTime:0.000840s ]
INFO: [ app_begin ] --END-- [ RunTime:0.001302s ]

[ 2015-01-05T00:51:58+08:00 ] 127.0.0.1 /oneday/oneday/server/index.php?m=Home&c=User&a=getUid
INFO: [ app_begin ] --START--
INFO: Run Behavior\ReadHtmlCacheBehavior [ RunTime:0.001227s ]
INFO: [ app_begin ] --END-- [ RunTime:0.001940s ]

[ 2015-01-05T00:51:58+08:00 ] 127.0.0.1 /oneday/oneday/server/index.php?m=Home&c=Schedule&a=day
INFO: [ app_begin ] --START--
INFO: Run Behavior\ReadHtmlCacheBehavior [ RunTime:0.001351s ]
INFO: [ app_begin ] --END-- [ RunTime:0.002191s ]
SQL: SHOW COLUMNS FROM `schedule` [ RunTime:0.0046s ]
SQL: SELECT * FROM `schedule` WHERE `startTime` BETWEEN '2015-1-5 00:00:00' AND '2015-1-5 23:59:59' AND `uid` = '9'  [ RunTime:0.0005s ]

[ 2015-01-05T00:51:58+08:00 ] 127.0.0.1 /oneday/oneday/server/index.php?m=Home&c=User&a=getUserInfo
INFO: [ app_begin ] --START--
INFO: Run Behavior\ReadHtmlCacheBehavior [ RunTime:0.001685s ]
INFO: [ app_begin ] --END-- [ RunTime:0.002579s ]
SQL: SHOW COLUMNS FROM `user` [ RunTime:0.0078s ]
SQL: SELECT * FROM `user` WHERE `uid` = '9' LIMIT 1   [ RunTime:0.0005s ]

[ 2015-01-05T00:52:33+08:00 ] 127.0.0.1 /oneday/oneday/server/index.php?m=Home&c=User&a=getUid
INFO: [ app_begin ] --START--
INFO: Run Behavior\ReadHtmlCacheBehavior [ RunTime:0.000919s ]
INFO: [ app_begin ] --END-- [ RunTime:0.001580s ]

[ 2015-01-05T00:52:33+08:00 ] 127.0.0.1 /oneday/oneday/server/index.php?m=Home&c=User&a=getUid
INFO: [ app_begin ] --START--
INFO: Run Behavior\ReadHtmlCacheBehavior [ RunTime:0.001799s ]
INFO: [ app_begin ] --END-- [ RunTime:0.002853s ]

[ 2015-01-05T00:52:33+08:00 ] 127.0.0.1 /oneday/oneday/server/index.php?m=Home&c=Schedule&a=day
INFO: [ app_begin ] --START--
INFO: Run Behavior\ReadHtmlCacheBehavior [ RunTime:0.001959s ]
INFO: [ app_begin ] --END-- [ RunTime:0.004319s ]
SQL: SHOW COLUMNS FROM `schedule` [ RunTime:0.0051s ]
SQL: SELECT * FROM `schedule` WHERE `startTime` BETWEEN '2015-1-5 00:00:00' AND '2015-1-5 23:59:59' AND `uid` = '9'  [ RunTime:0.0006s ]

[ 2015-01-05T00:52:33+08:00 ] 127.0.0.1 /oneday/oneday/server/index.php?m=Home&c=User&a=getUserInfo
INFO: [ app_begin ] --START--
INFO: Run Behavior\ReadHtmlCacheBehavior [ RunTime:0.000960s ]
INFO: [ app_begin ] --END-- [ RunTime:0.001594s ]
SQL: SHOW COLUMNS FROM `user` [ RunTime:0.0079s ]
SQL: SELECT * FROM `user` WHERE `uid` = '9' LIMIT 1   [ RunTime:0.0006s ]

[ 2015-01-05T00:52:34+08:00 ] 127.0.0.1 /oneday/oneday/server/index.php?m=Home&c=User&a=getUid
INFO: [ app_begin ] --START--
INFO: Run Behavior\ReadHtmlCacheBehavior [ RunTime:0.000594s ]
INFO: [ app_begin ] --END-- [ RunTime:0.000999s ]

[ 2015-01-05T00:52:34+08:00 ] 127.0.0.1 /oneday/oneday/server/index.php?m=Home&c=User&a=getUid
INFO: [ app_begin ] --START--
INFO: Run Behavior\ReadHtmlCacheBehavior [ RunTime:0.001405s ]
INFO: [ app_begin ] --END-- [ RunTime:0.002222s ]

[ 2015-01-05T00:52:34+08:00 ] 127.0.0.1 /oneday/oneday/server/index.php?m=Home&c=User&a=getUserInfo
INFO: [ app_begin ] --START--
INFO: Run Behavior\ReadHtmlCacheBehavior [ RunTime:0.000699s ]
INFO: [ app_begin ] --END-- [ RunTime:0.001141s ]
SQL: SHOW COLUMNS FROM `user` [ RunTime:0.0070s ]
SQL: SELECT * FROM `user` WHERE `uid` = '9' LIMIT 1   [ RunTime:0.0006s ]

[ 2015-01-05T00:52:34+08:00 ] 127.0.0.1 /oneday/oneday/server/index.php?m=Home&c=Schedule&a=day
INFO: [ app_begin ] --START--
INFO: Run Behavior\ReadHtmlCacheBehavior [ RunTime:0.001823s ]
INFO: [ app_begin ] --END-- [ RunTime:0.002872s ]
SQL: SHOW COLUMNS FROM `schedule` [ RunTime:0.0078s ]
SQL: SELECT * FROM `schedule` WHERE `startTime` BETWEEN '2015-1-5 00:00:00' AND '2015-1-5 23:59:59' AND `uid` = '9'  [ RunTime:0.0006s ]

[ 2015-01-05T00:52:38+08:00 ] 127.0.0.1 /oneday/oneday/server/index.php?m=Home&c=Schedule&a=create
INFO: [ app_begin ] --START--
INFO: Run Behavior\ReadHtmlCacheBehavior [ RunTime:0.000950s ]
INFO: [ app_begin ] --END-- [ RunTime:0.001483s ]
SQL: SHOW COLUMNS FROM `schedule` [ RunTime:0.0041s ]
SQL: INSERT INTO `schedule` (`title`,`location`,`startTime`,`endTime`,`content`,`uid`,`tag`,`participant`,`state`,`check`,`class`) VALUES ('哈哈','','2015-1-5 0:52:00','2015-1-5 1:52:00','哈哈','9','','','0','','0') [ RunTime:0.0761s ]
INFO: [ app_end ] --START--
INFO: Run Behavior\ShowPageTraceBehavior [ RunTime:0.001083s ]
INFO: [ app_end ] --END-- [ RunTime:0.001162s ]

[ 2015-01-05T00:52:38+08:00 ] 127.0.0.1 /oneday/oneday/server/index.php?m=Home&c=User&a=getUid
INFO: [ app_begin ] --START--
INFO: Run Behavior\ReadHtmlCacheBehavior [ RunTime:0.001237s ]
INFO: [ app_begin ] --END-- [ RunTime:0.002273s ]

[ 2015-01-05T00:52:38+08:00 ] 127.0.0.1 /oneday/oneday/server/index.php?m=Home&c=Schedule&a=day
INFO: [ app_begin ] --START--
INFO: Run Behavior\ReadHtmlCacheBehavior [ RunTime:0.000866s ]
INFO: [ app_begin ] --END-- [ RunTime:0.001340s ]
SQL: SHOW COLUMNS FROM `schedule` [ RunTime:0.0041s ]
SQL: SELECT * FROM `schedule` WHERE `startTime` BETWEEN '2015-1-5 00:00:00' AND '2015-1-5 23:59:59' AND `uid` = '9'  [ RunTime:0.0005s ]

[ 2015-01-05T01:02:14+08:00 ] 127.0.0.1 /oneday/oneday/server/index.php?m=Home&c=User&a=getUid
INFO: [ app_begin ] --START--
INFO: Run Behavior\ReadHtmlCacheBehavior [ RunTime:0.001044s ]
INFO: [ app_begin ] --END-- [ RunTime:0.001697s ]

[ 2015-01-05T01:02:14+08:00 ] 127.0.0.1 /oneday/oneday/server/index.php?m=Home&c=User&a=getUid
INFO: [ app_begin ] --START--
INFO: Run Behavior\ReadHtmlCacheBehavior [ RunTime:0.001044s ]
INFO: [ app_begin ] --END-- [ RunTime:0.001713s ]

[ 2015-01-05T01:02:14+08:00 ] 127.0.0.1 /oneday/oneday/server/index.php?m=Home&c=Schedule&a=day
INFO: [ app_begin ] --START--
INFO: Run Behavior\ReadHtmlCacheBehavior [ RunTime:0.000949s ]
INFO: [ app_begin ] --END-- [ RunTime:0.001548s ]
SQL: SHOW COLUMNS FROM `schedule` [ RunTime:0.0067s ]
SQL: SELECT * FROM `schedule` WHERE `startTime` BETWEEN '2015-1-5 00:00:00' AND '2015-1-5 23:59:59' AND `uid` = '9'  [ RunTime:0.0006s ]

[ 2015-01-05T01:02:14+08:00 ] 127.0.0.1 /oneday/oneday/server/index.php?m=Home&c=User&a=getUserInfo
INFO: [ app_begin ] --START--
INFO: Run Behavior\ReadHtmlCacheBehavior [ RunTime:0.000953s ]
INFO: [ app_begin ] --END-- [ RunTime:0.001646s ]
SQL: SHOW COLUMNS FROM `user` [ RunTime:0.0082s ]
SQL: SELECT * FROM `user` WHERE `uid` = '9' LIMIT 1   [ RunTime:0.0008s ]

[ 2015-01-05T01:02:14+08:00 ] 127.0.0.1 /oneday/oneday/server/index.php?m=Home&c=User&a=getUid
INFO: [ app_begin ] --START--
INFO: Run Behavior\ReadHtmlCacheBehavior [ RunTime:0.000787s ]
INFO: [ app_begin ] --END-- [ RunTime:0.001379s ]

[ 2015-01-05T01:02:14+08:00 ] 127.0.0.1 /oneday/oneday/server/index.php?m=Home&c=Schedule&a=day
INFO: [ app_begin ] --START--
INFO: Run Behavior\ReadHtmlCacheBehavior [ RunTime:0.000701s ]
INFO: [ app_begin ] --END-- [ RunTime:0.001183s ]
SQL: SHOW COLUMNS FROM `schedule` [ RunTime:0.0041s ]
SQL: SELECT * FROM `schedule` WHERE `startTime` BETWEEN '2015-1-5 00:00:00' AND '2015-1-5 23:59:59' AND `uid` = '9'  [ RunTime:0.0004s ]

[ 2015-01-05T01:02:15+08:00 ] 127.0.0.1 /oneday/oneday/server/index.php?m=Home&c=Activity&a=queryAll
INFO: [ app_begin ] --START--
INFO: Run Behavior\ReadHtmlCacheBehavior [ RunTime:0.000858s ]
INFO: [ app_begin ] --END-- [ RunTime:0.001513s ]
SQL: SHOW COLUMNS FROM `activity` [ RunTime:0.0045s ]
SQL: SELECT COUNT(*) AS tp_count FROM `activity` WHERE ( state=0 and (class=2 or class=3 or class=4) ) LIMIT 1   [ RunTime:0.0004s ]
SQL: SELECT * FROM `activity` WHERE ( state=0 and (class=2 or class=3 or class=4) ) ORDER BY startTime LIMIT 0,4   [ RunTime:0.0004s ]

[ 2015-01-05T01:02:16+08:00 ] 127.0.0.1 /oneday/oneday/server/index.php?m=Home&c=User&a=getUid
INFO: [ app_begin ] --START--
INFO: Run Behavior\ReadHtmlCacheBehavior [ RunTime:0.000780s ]
INFO: [ app_begin ] --END-- [ RunTime:0.001372s ]

[ 2015-01-05T01:02:16+08:00 ] 127.0.0.1 /oneday/oneday/server/index.php?m=Home&c=Schedule&a=day
INFO: [ app_begin ] --START--
INFO: Run Behavior\ReadHtmlCacheBehavior [ RunTime:0.000636s ]
INFO: [ app_begin ] --END-- [ RunTime:0.001048s ]
SQL: SHOW COLUMNS FROM `schedule` [ RunTime:0.0039s ]
SQL: SELECT * FROM `schedule` WHERE `startTime` BETWEEN '2015-1-5 00:00:00' AND '2015-1-5 23:59:59' AND `uid` = '9'  [ RunTime:0.0005s ]

[ 2015-01-05T01:02:17+08:00 ] 127.0.0.1 /oneday/oneday/server/index.php?m=Home&c=User&a=getUid
INFO: [ app_begin ] --START--
INFO: Run Behavior\ReadHtmlCacheBehavior [ RunTime:0.000667s ]
INFO: [ app_begin ] --END-- [ RunTime:0.001135s ]

[ 2015-01-05T01:02:17+08:00 ] 127.0.0.1 /oneday/oneday/server/index.php?m=Home&c=User&a=getUserInfo
INFO: [ app_begin ] --START--
INFO: Run Behavior\ReadHtmlCacheBehavior [ RunTime:0.000584s ]
INFO: [ app_begin ] --END-- [ RunTime:0.000985s ]
SQL: SHOW COLUMNS FROM `user` [ RunTime:0.0039s ]
SQL: SELECT * FROM `user` WHERE `uid` = '9' LIMIT 1   [ RunTime:0.0003s ]

[ 2015-01-05T01:02:20+08:00 ] 127.0.0.1 /oneday/oneday/server/index.php?m=Home&c=Activity&a=queryAll
INFO: [ app_begin ] --START--
INFO: Run Behavior\ReadHtmlCacheBehavior [ RunTime:0.000675s ]
INFO: [ app_begin ] --END-- [ RunTime:0.001141s ]
SQL: SHOW COLUMNS FROM `activity` [ RunTime:0.0042s ]
SQL: SELECT COUNT(*) AS tp_count FROM `activity` WHERE ( state=0 and (class=2 or class=3 or class=4) ) LIMIT 1   [ RunTime:0.0004s ]
SQL: SELECT * FROM `activity` WHERE ( state=0 and (class=2 or class=3 or class=4) ) ORDER BY startTime LIMIT 0,4   [ RunTime:0.0005s ]

[ 2015-01-05T01:02:22+08:00 ] 127.0.0.1 /oneday/oneday/server/index.php?m=Home&c=Schedule&a=week
INFO: [ app_begin ] --START--
INFO: Run Behavior\ReadHtmlCacheBehavior [ RunTime:0.000596s ]
INFO: [ app_begin ] --END-- [ RunTime:0.001031s ]
SQL: SHOW COLUMNS FROM `schedule` [ RunTime:0.0042s ]
SQL: SELECT * FROM `schedule` WHERE `startTime` BETWEEN '2015-01-04 00:00:00' AND '2015-01-10 23:59:59' AND `uid` = '9'  [ RunTime:0.0006s ]

[ 2015-01-05T01:02:23+08:00 ] 127.0.0.1 /oneday/oneday/server/index.php?m=Home&c=User&a=getUid
INFO: [ app_begin ] --START--
INFO: Run Behavior\ReadHtmlCacheBehavior [ RunTime:0.000619s ]
INFO: [ app_begin ] --END-- [ RunTime:0.001034s ]

[ 2015-01-05T01:02:23+08:00 ] 127.0.0.1 /oneday/oneday/server/index.php?m=Home&c=Schedule&a=day
INFO: [ app_begin ] --START--
INFO: Run Behavior\ReadHtmlCacheBehavior [ RunTime:0.000610s ]
INFO: [ app_begin ] --END-- [ RunTime:0.001051s ]
SQL: SHOW COLUMNS FROM `schedule` [ RunTime:0.0040s ]
SQL: SELECT * FROM `schedule` WHERE `startTime` BETWEEN '2015-1-5 00:00:00' AND '2015-1-5 23:59:59' AND `uid` = '9'  [ RunTime:0.0005s ]

[ 2015-01-05T01:07:38+08:00 ] 127.0.0.1 /oneday/oneday/server/index.php?m=Home&c=User&a=getUid
INFO: [ app_begin ] --START--
INFO: Run Behavior\ReadHtmlCacheBehavior [ RunTime:0.000718s ]
INFO: [ app_begin ] --END-- [ RunTime:0.001389s ]

[ 2015-01-05T01:07:38+08:00 ] 127.0.0.1 /oneday/oneday/server/index.php?m=Home&c=User&a=getUid
INFO: [ app_begin ] --START--
INFO: Run Behavior\ReadHtmlCacheBehavior [ RunTime:0.001430s ]
INFO: [ app_begin ] --END-- [ RunTime:0.002174s ]

[ 2015-01-05T01:07:38+08:00 ] 127.0.0.1 /oneday/oneday/server/index.php?m=Home&c=Schedule&a=day
INFO: [ app_begin ] --START--
INFO: Run Behavior\ReadHtmlCacheBehavior [ RunTime:0.001214s ]
INFO: [ app_begin ] --END-- [ RunTime:0.001742s ]
SQL: SHOW COLUMNS FROM `schedule` [ RunTime:0.0068s ]
SQL: SELECT * FROM `schedule` WHERE `startTime` BETWEEN '2015-1-5 00:00:00' AND '2015-1-5 23:59:59' AND `uid` = '9'  [ RunTime:0.0014s ]

[ 2015-01-05T01:07:38+08:00 ] 127.0.0.1 /oneday/oneday/server/index.php?m=Home&c=User&a=getUserInfo
INFO: [ app_begin ] --START--
INFO: Run Behavior\ReadHtmlCacheBehavior [ RunTime:0.000704s ]
INFO: [ app_begin ] --END-- [ RunTime:0.001307s ]
SQL: SHOW COLUMNS FROM `user` [ RunTime:0.0071s ]
SQL: SELECT * FROM `user` WHERE `uid` = '9' LIMIT 1   [ RunTime:0.0006s ]

[ 2015-01-05T01:07:40+08:00 ] 127.0.0.1 /oneday/oneday/server/index.php?m=Home&c=User&a=getUid
INFO: [ app_begin ] --START--
INFO: Run Behavior\ReadHtmlCacheBehavior [ RunTime:0.001387s ]
INFO: [ app_begin ] --END-- [ RunTime:0.002232s ]

[ 2015-01-05T01:07:40+08:00 ] 127.0.0.1 /oneday/oneday/server/index.php?m=Home&c=User&a=getUid
INFO: [ app_begin ] --START--
INFO: Run Behavior\ReadHtmlCacheBehavior [ RunTime:0.001382s ]
INFO: [ app_begin ] --END-- [ RunTime:0.002256s ]

[ 2015-01-05T01:07:40+08:00 ] 127.0.0.1 /oneday/oneday/server/index.php?m=Home&c=User&a=getUserInfo
INFO: [ app_begin ] --START--
INFO: Run Behavior\ReadHtmlCacheBehavior [ RunTime:0.001588s ]
INFO: [ app_begin ] --END-- [ RunTime:0.002560s ]
SQL: SHOW COLUMNS FROM `user` [ RunTime:0.0063s ]
SQL: SELECT * FROM `user` WHERE `uid` = '9' LIMIT 1   [ RunTime:0.0011s ]

[ 2015-01-05T01:07:40+08:00 ] 127.0.0.1 /oneday/oneday/server/index.php?m=Home&c=Schedule&a=day
INFO: [ app_begin ] --START--
INFO: Run Behavior\ReadHtmlCacheBehavior [ RunTime:0.001237s ]
INFO: [ app_begin ] --END-- [ RunTime:0.001934s ]
SQL: SHOW COLUMNS FROM `schedule` [ RunTime:0.0071s ]
SQL: SELECT * FROM `schedule` WHERE `startTime` BETWEEN '2015-1-5 00:00:00' AND '2015-1-5 23:59:59' AND `uid` = '9'  [ RunTime:0.0008s ]

[ 2015-01-05T01:07:41+08:00 ] 127.0.0.1 /oneday/oneday/server/index.php?m=Home&c=User&a=getUid
INFO: [ app_begin ] --START--
INFO: Run Behavior\ReadHtmlCacheBehavior [ RunTime:0.000932s ]
INFO: [ app_begin ] --END-- [ RunTime:0.001605s ]

[ 2015-01-05T01:07:41+08:00 ] 127.0.0.1 /oneday/oneday/server/index.php?m=Home&c=User&a=getUid
INFO: [ app_begin ] --START--
INFO: Run Behavior\ReadHtmlCacheBehavior [ RunTime:0.001444s ]
INFO: [ app_begin ] --END-- [ RunTime:0.002302s ]

[ 2015-01-05T01:07:41+08:00 ] 127.0.0.1 /oneday/oneday/server/index.php?m=Home&c=Schedule&a=day
INFO: [ app_begin ] --START--
INFO: Run Behavior\ReadHtmlCacheBehavior [ RunTime:0.000604s ]
INFO: [ app_begin ] --END-- [ RunTime:0.001008s ]
SQL: SHOW COLUMNS FROM `schedule` [ RunTime:0.0039s ]
SQL: SELECT * FROM `schedule` WHERE `startTime` BETWEEN '2015-1-5 00:00:00' AND '2015-1-5 23:59:59' AND `uid` = '9'  [ RunTime:0.0004s ]

[ 2015-01-05T01:07:41+08:00 ] 127.0.0.1 /oneday/oneday/server/index.php?m=Home&c=User&a=getUserInfo
INFO: [ app_begin ] --START--
INFO: Run Behavior\ReadHtmlCacheBehavior [ RunTime:0.000858s ]
INFO: [ app_begin ] --END-- [ RunTime:0.001327s ]
SQL: SHOW COLUMNS FROM `user` [ RunTime:0.0040s ]
SQL: SELECT * FROM `user` WHERE `uid` = '9' LIMIT 1   [ RunTime:0.0003s ]

[ 2015-01-05T01:08:12+08:00 ] 127.0.0.1 /oneday/oneday/server/index.php?m=Home&c=User&a=getUid
INFO: [ app_begin ] --START--
INFO: Run Behavior\ReadHtmlCacheBehavior [ RunTime:0.000888s ]
INFO: [ app_begin ] --END-- [ RunTime:0.001469s ]

[ 2015-01-05T01:08:12+08:00 ] 127.0.0.1 /oneday/oneday/server/index.php?m=Home&c=User&a=getUid
INFO: [ app_begin ] --START--
INFO: Run Behavior\ReadHtmlCacheBehavior [ RunTime:0.001044s ]
INFO: [ app_begin ] --END-- [ RunTime:0.001729s ]

[ 2015-01-05T01:08:12+08:00 ] 127.0.0.1 /oneday/oneday/server/index.php?m=Home&c=User&a=getUid
INFO: [ app_begin ] --START--
INFO: Run Behavior\ReadHtmlCacheBehavior [ RunTime:0.001055s ]
INFO: [ app_begin ] --END-- [ RunTime:0.001773s ]

[ 2015-01-05T01:08:12+08:00 ] 127.0.0.1 /oneday/oneday/server/index.php?m=Home&c=Schedule&a=day
INFO: [ app_begin ] --START--
INFO: Run Behavior\ReadHtmlCacheBehavior [ RunTime:0.000950s ]
INFO: [ app_begin ] --END-- [ RunTime:0.001633s ]
SQL: SHOW COLUMNS FROM `schedule` [ RunTime:0.0062s ]
SQL: SELECT * FROM `schedule` WHERE `startTime` BETWEEN '2015-1-5 00:00:00' AND '2015-1-5 23:59:59' AND `uid` = '9'  [ RunTime:0.0008s ]

[ 2015-01-05T01:08:12+08:00 ] 127.0.0.1 /oneday/oneday/server/index.php?m=Home&c=User&a=getUserInfo
INFO: [ app_begin ] --START--
INFO: Run Behavior\ReadHtmlCacheBehavior [ RunTime:0.000915s ]
INFO: [ app_begin ] --END-- [ RunTime:0.001535s ]
SQL: SHOW COLUMNS FROM `user` [ RunTime:0.0086s ]
SQL: SELECT * FROM `user` WHERE `uid` = '9' LIMIT 1   [ RunTime:0.0007s ]

[ 2015-01-05T01:08:12+08:00 ] 127.0.0.1 /oneday/oneday/server/index.php?m=Home&c=User&a=getUserInfo
INFO: [ app_begin ] --START--
INFO: Run Behavior\ReadHtmlCacheBehavior [ RunTime:0.000995s ]
INFO: [ app_begin ] --END-- [ RunTime:0.001698s ]
SQL: SHOW COLUMNS FROM `user` [ RunTime:0.0069s ]
SQL: SELECT * FROM `user` WHERE `uid` = '9' LIMIT 1   [ RunTime:0.0006s ]

[ 2015-01-05T01:08:12+08:00 ] 127.0.0.1 /oneday/oneday/server/index.php?m=Home&c=User&a=getUid
INFO: [ app_begin ] --START--
INFO: Run Behavior\ReadHtmlCacheBehavior [ RunTime:0.001143s ]
INFO: [ app_begin ] --END-- [ RunTime:0.001797s ]

[ 2015-01-05T01:08:12+08:00 ] 127.0.0.1 /oneday/oneday/server/index.php?m=Home&c=User&a=getUid
INFO: [ app_begin ] --START--
INFO: Run Behavior\ReadHtmlCacheBehavior [ RunTime:0.001029s ]
INFO: [ app_begin ] --END-- [ RunTime:0.001670s ]

[ 2015-01-05T01:08:12+08:00 ] 127.0.0.1 /oneday/oneday/server/index.php?m=Home&c=User&a=getUid
INFO: [ app_begin ] --START--
INFO: Run Behavior\ReadHtmlCacheBehavior [ RunTime:0.001085s ]
INFO: [ app_begin ] --END-- [ RunTime:0.001705s ]

[ 2015-01-05T01:08:13+08:00 ] 127.0.0.1 /oneday/oneday/server/index.php?m=Home&c=User&a=getUserInfo
INFO: [ app_begin ] --START--
INFO: Run Behavior\ReadHtmlCacheBehavior [ RunTime:0.001068s ]
INFO: [ app_begin ] --END-- [ RunTime:0.001709s ]
SQL: SHOW COLUMNS FROM `user` [ RunTime:0.0052s ]
SQL: SELECT * FROM `user` WHERE `uid` = '9' LIMIT 1   [ RunTime:0.0004s ]

[ 2015-01-05T01:08:13+08:00 ] 127.0.0.1 /oneday/oneday/server/index.php?m=Home&c=User&a=getUserInfo
INFO: [ app_begin ] --START--
INFO: Run Behavior\ReadHtmlCacheBehavior [ RunTime:0.000866s ]
INFO: [ app_begin ] --END-- [ RunTime:0.001473s ]
SQL: SHOW COLUMNS FROM `user` [ RunTime:0.0057s ]
SQL: SELECT * FROM `user` WHERE `uid` = '9' LIMIT 1   [ RunTime:0.0005s ]

[ 2015-01-05T01:08:13+08:00 ] 127.0.0.1 /oneday/oneday/server/index.php?m=Home&c=Schedule&a=day
INFO: [ app_begin ] --START--
INFO: Run Behavior\ReadHtmlCacheBehavior [ RunTime:0.003605s ]
INFO: [ app_begin ] --END-- [ RunTime:0.004246s ]
SQL: SHOW COLUMNS FROM `schedule` [ RunTime:0.0049s ]
SQL: SELECT * FROM `schedule` WHERE `startTime` BETWEEN '2015-1-5 00:00:00' AND '2015-1-5 23:59:59' AND `uid` = '9'  [ RunTime:0.0005s ]

[ 2015-01-05T01:08:18+08:00 ] 127.0.0.1 /oneday/oneday/server/index.php?m=Home&c=User&a=getUid
INFO: [ app_begin ] --START--
INFO: Run Behavior\ReadHtmlCacheBehavior [ RunTime:0.000902s ]
INFO: [ app_begin ] --END-- [ RunTime:0.001601s ]

[ 2015-01-05T01:08:18+08:00 ] 127.0.0.1 /oneday/oneday/server/index.php?m=Home&c=User&a=getUid
INFO: [ app_begin ] --START--
INFO: Run Behavior\ReadHtmlCacheBehavior [ RunTime:0.001034s ]
INFO: [ app_begin ] --END-- [ RunTime:0.001747s ]

[ 2015-01-05T01:08:18+08:00 ] 127.0.0.1 /oneday/oneday/server/index.php?m=Home&c=User&a=getUid
INFO: [ app_begin ] --START--
INFO: Run Behavior\ReadHtmlCacheBehavior [ RunTime:0.000929s ]
INFO: [ app_begin ] --END-- [ RunTime:0.004840s ]

[ 2015-01-05T01:08:18+08:00 ] 127.0.0.1 /oneday/oneday/server/index.php?m=Home&c=User&a=getUserInfo
INFO: [ app_begin ] --START--
INFO: Run Behavior\ReadHtmlCacheBehavior [ RunTime:0.000897s ]
INFO: [ app_begin ] --END-- [ RunTime:0.001576s ]
SQL: SHOW COLUMNS FROM `user` [ RunTime:0.0040s ]
SQL: SELECT * FROM `user` WHERE `uid` = '9' LIMIT 1   [ RunTime:0.0004s ]

[ 2015-01-05T01:08:18+08:00 ] 127.0.0.1 /oneday/oneday/server/index.php?m=Home&c=Schedule&a=day
INFO: [ app_begin ] --START--
INFO: Run Behavior\ReadHtmlCacheBehavior [ RunTime:0.000887s ]
INFO: [ app_begin ] --END-- [ RunTime:0.001507s ]
SQL: SHOW COLUMNS FROM `schedule` [ RunTime:0.0072s ]
SQL: SELECT * FROM `schedule` WHERE `startTime` BETWEEN '2015-1-5 00:00:00' AND '2015-1-5 23:59:59' AND `uid` = '9'  [ RunTime:0.0007s ]

[ 2015-01-05T01:08:18+08:00 ] 127.0.0.1 /oneday/oneday/server/index.php?m=Home&c=User&a=getUserInfo
INFO: [ app_begin ] --START--
INFO: Run Behavior\ReadHtmlCacheBehavior [ RunTime:0.000687s ]
INFO: [ app_begin ] --END-- [ RunTime:0.001167s ]
SQL: SHOW COLUMNS FROM `user` [ RunTime:0.0039s ]
SQL: SELECT * FROM `user` WHERE `uid` = '9' LIMIT 1   [ RunTime:0.0004s ]

[ 2015-01-05T01:08:19+08:00 ] 127.0.0.1 /oneday/oneday/server/index.php?m=Home&c=User&a=getUid
INFO: [ app_begin ] --START--
INFO: Run Behavior\ReadHtmlCacheBehavior [ RunTime:0.000618s ]
INFO: [ app_begin ] --END-- [ RunTime:0.001251s ]

[ 2015-01-05T01:08:19+08:00 ] 127.0.0.1 /oneday/oneday/server/index.php?m=Home&c=User&a=getUserInfo
INFO: [ app_begin ] --START--
INFO: Run Behavior\ReadHtmlCacheBehavior [ RunTime:0.000598s ]
INFO: [ app_begin ] --END-- [ RunTime:0.001026s ]
SQL: SHOW COLUMNS FROM `user` [ RunTime:0.0036s ]
SQL: SELECT * FROM `user` WHERE `uid` = '9' LIMIT 1   [ RunTime:0.0003s ]

[ 2015-01-05T01:08:20+08:00 ] 127.0.0.1 /oneday/oneday/server/index.php?m=Home&c=Schedule&a=query
INFO: [ app_begin ] --START--
INFO: Run Behavior\ReadHtmlCacheBehavior [ RunTime:0.000706s ]
INFO: [ app_begin ] --END-- [ RunTime:0.001198s ]
SQL: SHOW COLUMNS FROM `schedule` [ RunTime:0.0040s ]
SQL: SELECT * FROM `schedule` WHERE `uid` = '9' AND `sid` = '22' LIMIT 1   [ RunTime:0.0005s ]

[ 2015-01-05T01:08:21+08:00 ] 127.0.0.1 /oneday/oneday/server/index.php?m=Home&c=User&a=getUid
INFO: [ app_begin ] --START--
INFO: Run Behavior\ReadHtmlCacheBehavior [ RunTime:0.000740s ]
INFO: [ app_begin ] --END-- [ RunTime:0.001251s ]

[ 2015-01-05T01:08:21+08:00 ] 127.0.0.1 /oneday/oneday/server/index.php?m=Home&c=User&a=getUserInfo
INFO: [ app_begin ] --START--
INFO: Run Behavior\ReadHtmlCacheBehavior [ RunTime:0.000601s ]
INFO: [ app_begin ] --END-- [ RunTime:0.001018s ]
SQL: SHOW COLUMNS FROM `user` [ RunTime:0.0038s ]
SQL: SELECT * FROM `user` WHERE `uid` = '9' LIMIT 1   [ RunTime:0.0004s ]

[ 2015-01-05T01:08:23+08:00 ] 127.0.0.1 /oneday/oneday/server/index.php?m=Home&c=Schedule&a=query
INFO: [ app_begin ] --START--
INFO: Run Behavior\ReadHtmlCacheBehavior [ RunTime:0.000712s ]
INFO: [ app_begin ] --END-- [ RunTime:0.001219s ]
SQL: SHOW COLUMNS FROM `schedule` [ RunTime:0.0040s ]
SQL: SELECT * FROM `schedule` WHERE `uid` = '9' AND `sid` = '22' LIMIT 1   [ RunTime:0.0005s ]

[ 2015-01-05T01:14:03+08:00 ] 127.0.0.1 /oneday/oneday/server/index.php?m=Home&c=User&a=getUid
INFO: [ app_begin ] --START--
INFO: Run Behavior\ReadHtmlCacheBehavior [ RunTime:0.001128s ]
INFO: [ app_begin ] --END-- [ RunTime:0.001779s ]

[ 2015-01-05T01:14:03+08:00 ] 127.0.0.1 /oneday/oneday/server/index.php?m=Home&c=User&a=getUid
INFO: [ app_begin ] --START--
INFO: Run Behavior\ReadHtmlCacheBehavior [ RunTime:0.001249s ]
INFO: [ app_begin ] --END-- [ RunTime:0.002006s ]

[ 2015-01-05T01:14:03+08:00 ] 127.0.0.1 /oneday/oneday/server/index.php?m=Home&c=User&a=getUid
INFO: [ app_begin ] --START--
INFO: Run Behavior\ReadHtmlCacheBehavior [ RunTime:0.001283s ]
INFO: [ app_begin ] --END-- [ RunTime:0.001979s ]

[ 2015-01-05T01:14:04+08:00 ] 127.0.0.1 /oneday/oneday/server/index.php?m=Home&c=User&a=getUserInfo
INFO: [ app_begin ] --START--
INFO: Run Behavior\ReadHtmlCacheBehavior [ RunTime:0.001457s ]
INFO: [ app_begin ] --END-- [ RunTime:0.002195s ]
SQL: SHOW COLUMNS FROM `user` [ RunTime:0.0075s ]
SQL: SELECT * FROM `user` WHERE `uid` = '9' LIMIT 1   [ RunTime:0.0008s ]

[ 2015-01-05T01:14:04+08:00 ] 127.0.0.1 /oneday/oneday/server/index.php?m=Home&c=Schedule&a=day
INFO: [ app_begin ] --START--
INFO: Run Behavior\ReadHtmlCacheBehavior [ RunTime:0.001238s ]
INFO: [ app_begin ] --END-- [ RunTime:0.001960s ]
SQL: SHOW COLUMNS FROM `schedule` [ RunTime:0.0069s ]
SQL: SELECT * FROM `schedule` WHERE `startTime` BETWEEN '2015-1-5 00:00:00' AND '2015-1-5 23:59:59' AND `uid` = '9'  [ RunTime:0.0008s ]

[ 2015-01-05T01:14:04+08:00 ] 127.0.0.1 /oneday/oneday/server/index.php?m=Home&c=User&a=getUserInfo
INFO: [ app_begin ] --START--
INFO: Run Behavior\ReadHtmlCacheBehavior [ RunTime:0.001261s ]
INFO: [ app_begin ] --END-- [ RunTime:0.002107s ]
SQL: SHOW COLUMNS FROM `user` [ RunTime:0.0038s ]
SQL: SELECT * FROM `user` WHERE `uid` = '9' LIMIT 1   [ RunTime:0.0003s ]

[ 2015-01-05T01:14:06+08:00 ] 127.0.0.1 /oneday/oneday/server/index.php?m=Home&c=Schedule&a=query
INFO: [ app_begin ] --START--
INFO: Run Behavior\ReadHtmlCacheBehavior [ RunTime:0.000831s ]
INFO: [ app_begin ] --END-- [ RunTime:0.001377s ]
SQL: SHOW COLUMNS FROM `schedule` [ RunTime:0.0047s ]
SQL: SELECT * FROM `schedule` WHERE `uid` = '9' AND `sid` = '22' LIMIT 1   [ RunTime:0.0004s ]

[ 2015-01-05T01:14:07+08:00 ] 127.0.0.1 /oneday/oneday/server/index.php?m=Home&c=Schedule&a=query
INFO: [ app_begin ] --START--
INFO: Run Behavior\ReadHtmlCacheBehavior [ RunTime:0.001025s ]
INFO: [ app_begin ] --END-- [ RunTime:0.001726s ]
SQL: SHOW COLUMNS FROM `schedule` [ RunTime:0.0040s ]
SQL: SELECT * FROM `schedule` WHERE `uid` = '9' AND `sid` = '22' LIMIT 1   [ RunTime:0.0004s ]

[ 2015-01-05T01:14:07+08:00 ] 127.0.0.1 /oneday/oneday/server/index.php?m=Home&c=Schedule&a=query
INFO: [ app_begin ] --START--
INFO: Run Behavior\ReadHtmlCacheBehavior [ RunTime:0.001187s ]
INFO: [ app_begin ] --END-- [ RunTime:0.002461s ]
SQL: SHOW COLUMNS FROM `schedule` [ RunTime:0.0042s ]
SQL: SELECT * FROM `schedule` WHERE `uid` = '9' AND `sid` = '23' LIMIT 1   [ RunTime:0.0004s ]

[ 2015-01-05T01:14:08+08:00 ] 127.0.0.1 /oneday/oneday/server/index.php?m=Home&c=Schedule&a=query
INFO: [ app_begin ] --START--
INFO: Run Behavior\ReadHtmlCacheBehavior [ RunTime:0.001495s ]
INFO: [ app_begin ] --END-- [ RunTime:0.002506s ]
SQL: SHOW COLUMNS FROM `schedule` [ RunTime:0.0042s ]
SQL: SELECT * FROM `schedule` WHERE `uid` = '9' AND `sid` = '22' LIMIT 1   [ RunTime:0.0005s ]

[ 2015-01-05T01:17:48+08:00 ] 127.0.0.1 /oneday/oneday/server/index.php?m=Home&c=User&a=getUid
INFO: [ app_begin ] --START--
INFO: Run Behavior\ReadHtmlCacheBehavior [ RunTime:0.001122s ]
INFO: [ app_begin ] --END-- [ RunTime:0.001837s ]

[ 2015-01-05T01:17:48+08:00 ] 127.0.0.1 /oneday/oneday/server/index.php?m=Home&c=User&a=getUid
INFO: [ app_begin ] --START--
INFO: Run Behavior\ReadHtmlCacheBehavior [ RunTime:0.001201s ]
INFO: [ app_begin ] --END-- [ RunTime:0.001930s ]

[ 2015-01-05T01:17:48+08:00 ] 127.0.0.1 /oneday/oneday/server/index.php?m=Home&c=User&a=getUid
INFO: [ app_begin ] --START--
INFO: Run Behavior\ReadHtmlCacheBehavior [ RunTime:0.001289s ]
INFO: [ app_begin ] --END-- [ RunTime:0.001988s ]

[ 2015-01-05T01:17:48+08:00 ] 127.0.0.1 /oneday/oneday/server/index.php?m=Home&c=Schedule&a=day
INFO: [ app_begin ] --START--
INFO: Run Behavior\ReadHtmlCacheBehavior [ RunTime:0.001147s ]
INFO: [ app_begin ] --END-- [ RunTime:0.001857s ]
SQL: SHOW COLUMNS FROM `schedule` [ RunTime:0.0062s ]
SQL: SELECT * FROM `schedule` WHERE `startTime` BETWEEN '2015-1-5 00:00:00' AND '2015-1-5 23:59:59' AND `uid` = '9'  [ RunTime:0.0018s ]

[ 2015-01-05T01:17:48+08:00 ] 127.0.0.1 /oneday/oneday/server/index.php?m=Home&c=User&a=getUserInfo
INFO: [ app_begin ] --START--
INFO: Run Behavior\ReadHtmlCacheBehavior [ RunTime:0.001040s ]
INFO: [ app_begin ] --END-- [ RunTime:0.003049s ]
SQL: SHOW COLUMNS FROM `user` [ RunTime:0.0055s ]
SQL: SELECT * FROM `user` WHERE `uid` = '9' LIMIT 1   [ RunTime:0.0006s ]

[ 2015-01-05T01:17:48+08:00 ] 127.0.0.1 /oneday/oneday/server/index.php?m=Home&c=User&a=getUserInfo
INFO: [ app_begin ] --START--
INFO: Run Behavior\ReadHtmlCacheBehavior [ RunTime:0.003680s ]
INFO: [ app_begin ] --END-- [ RunTime:0.008207s ]
SQL: SHOW COLUMNS FROM `user` [ RunTime:0.0077s ]
SQL: SELECT * FROM `user` WHERE `uid` = '9' LIMIT 1   [ RunTime:0.0008s ]

[ 2015-01-05T01:17:49+08:00 ] 127.0.0.1 /oneday/oneday/server/index.php?m=Home&c=Schedule&a=query
INFO: [ app_begin ] --START--
INFO: Run Behavior\ReadHtmlCacheBehavior [ RunTime:0.000606s ]
INFO: [ app_begin ] --END-- [ RunTime:0.001094s ]
SQL: SHOW COLUMNS FROM `schedule` [ RunTime:0.0039s ]
SQL: SELECT * FROM `schedule` WHERE `uid` = '9' AND `sid` = '23' LIMIT 1   [ RunTime:0.0004s ]

[ 2015-01-05T01:17:54+08:00 ] 127.0.0.1 /oneday/oneday/server/index.php?m=Home&c=User&a=getUid
INFO: [ app_begin ] --START--
INFO: Run Behavior\ReadHtmlCacheBehavior [ RunTime:0.001119s ]
INFO: [ app_begin ] --END-- [ RunTime:0.001818s ]

[ 2015-01-05T01:17:55+08:00 ] 127.0.0.1 /oneday/oneday/server/index.php?m=Home&c=Schedule&a=addComment
INFO: [ app_begin ] --START--
INFO: Run Behavior\ReadHtmlCacheBehavior [ RunTime:0.000571s ]
INFO: [ app_begin ] --END-- [ RunTime:0.000957s ]
SQL: SHOW COLUMNS FROM `schedule` [ RunTime:0.0041s ]
SQL: SHOW COLUMNS FROM `schedule` [ RunTime:0.0044s ]
SQL: SELECT * FROM `schedule` WHERE `sid` = '23' LIMIT 1   [ RunTime:0.0005s ]
SQL: UPDATE `schedule` SET `comment`='[{\"content\":\"\\u563f\\u563f\",\"date\":\"2015-01-05 01:17:54\",\"uid\":\"9\"}]' WHERE `sid` = '23' [ RunTime:0.1362s ]

[ 2015-01-05T01:18:31+08:00 ] 127.0.0.1 /oneday/oneday/server/index.php?m=Home&c=Schedule&a=query
INFO: [ app_begin ] --START--
INFO: Run Behavior\ReadHtmlCacheBehavior [ RunTime:0.000702s ]
INFO: [ app_begin ] --END-- [ RunTime:0.001209s ]
SQL: SHOW COLUMNS FROM `schedule` [ RunTime:0.0042s ]
SQL: SELECT * FROM `schedule` WHERE `uid` = '9' AND `sid` = '22' LIMIT 1   [ RunTime:0.0005s ]

[ 2015-01-05T01:18:32+08:00 ] 127.0.0.1 /oneday/oneday/server/index.php?m=Home&c=Schedule&a=query
INFO: [ app_begin ] --START--
INFO: Run Behavior\ReadHtmlCacheBehavior [ RunTime:0.000680s ]
INFO: [ app_begin ] --END-- [ RunTime:0.001164s ]
SQL: SHOW COLUMNS FROM `schedule` [ RunTime:0.0038s ]
SQL: SELECT * FROM `schedule` WHERE `uid` = '9' AND `sid` = '23' LIMIT 1   [ RunTime:0.0005s ]

[ 2015-01-05T01:18:32+08:00 ] 127.0.0.1 /oneday/oneday/server/index.php?m=Home&c=User&a=getUserInfo
INFO: [ app_begin ] --START--
INFO: Run Behavior\ReadHtmlCacheBehavior [ RunTime:0.000567s ]
INFO: [ app_begin ] --END-- [ RunTime:0.000949s ]
SQL: SHOW COLUMNS FROM `user` [ RunTime:0.0038s ]
SQL: SELECT * FROM `user` WHERE `uid` = '9' LIMIT 1   [ RunTime:0.0004s ]

