[ 2015-01-07T00:40:49+08:00 ] ::1 /oneday/cli/index.php/scanForSendSMS
INFO: [ app_init ] --START--
INFO: Run Behavior\BuildLiteBehavior [ RunTime:0.000042s ]
INFO: [ app_init ] --END-- [ RunTime:0.000517s ]
ERR: 无法加载模块:ScanForSendSMS

[ 2015-01-07T00:40:57+08:00 ] ::1 /oneday/cli/index.php/Index/scanForSendSMS
INFO: [ app_init ] --START--
INFO: Run Behavior\BuildLiteBehavior [ RunTime:0.000031s ]
INFO: [ app_init ] --END-- [ RunTime:0.000425s ]
ERR: 无法加载模块:Index

[ 2015-01-07T00:41:32+08:00 ] ::1 /oneday/cli/index.php/Index/scanForSendSMS
INFO: [ app_init ] --START--
INFO: Run Behavior\BuildLiteBehavior [ RunTime:0.000020s ]
INFO: [ app_init ] --END-- [ RunTime:0.000425s ]
ERR: 无法加载模块:Index

[ 2015-01-07T00:41:47+08:00 ] ::1 /oneday/cli/index.php/scanForSendSMS
INFO: [ app_init ] --START--
INFO: Run Behavior\BuildLiteBehavior [ RunTime:0.000020s ]
INFO: [ app_init ] --END-- [ RunTime:0.000407s ]
ERR: 无法加载模块:ScanForSendSMS

