[ 2015-01-07T00:41:17+08:00 ] ::1 /oneday/cli/
INFO: [ app_init ] --START--
INFO: Run Behavior\BuildLiteBehavior [ RunTime:0.000020s ]
INFO: [ app_init ] --END-- [ RunTime:0.000408s ]
INFO: [ app_begin ] --START--
INFO: Run Behavior\ReadHtmlCacheBehavior [ RunTime:0.000695s ]
INFO: [ app_begin ] --END-- [ RunTime:0.000786s ]

[ 2015-01-07T00:41:22+08:00 ] ::1 /oneday/cli/index.php
INFO: [ app_init ] --START--
INFO: Run Behavior\BuildLiteBehavior [ RunTime:0.000021s ]
INFO: [ app_init ] --END-- [ RunTime:0.000550s ]
INFO: [ app_begin ] --START--
INFO: Run Behavior\ReadHtmlCacheBehavior [ RunTime:0.000777s ]
INFO: [ app_begin ] --END-- [ RunTime:0.000872s ]

[ 2015-01-07T00:41:50+08:00 ] ::1 /oneday/cli/index.php/
INFO: [ app_init ] --START--
INFO: Run Behavior\BuildLiteBehavior [ RunTime:0.000020s ]
INFO: [ app_init ] --END-- [ RunTime:0.000502s ]
INFO: [ app_begin ] --START--
INFO: Run Behavior\ReadHtmlCacheBehavior [ RunTime:0.000848s ]
INFO: [ app_begin ] --END-- [ RunTime:0.000984s ]

[ 2015-01-07T00:42:16+08:00 ] ::1 /oneday/cli/index.php/
INFO: [ app_init ] --START--
INFO: Run Behavior\BuildLiteBehavior [ RunTime:0.000030s ]
INFO: [ app_init ] --END-- [ RunTime:0.000695s ]
INFO: [ app_begin ] --START--
INFO: Run Behavior\ReadHtmlCacheBehavior [ RunTime:0.000763s ]
INFO: [ app_begin ] --END-- [ RunTime:0.000862s ]

[ 2015-01-07T00:42:45+08:00 ] ::1 /oneday/cli/index.php/
INFO: [ app_init ] --START--
INFO: Run Behavior\BuildLiteBehavior [ RunTime:0.000021s ]
INFO: [ app_init ] --END-- [ RunTime:0.000417s ]
INFO: [ app_begin ] --START--
INFO: Run Behavior\ReadHtmlCacheBehavior [ RunTime:0.000663s ]
INFO: [ app_begin ] --END-- [ RunTime:0.000753s ]

[ 2015-01-07T00:42:52+08:00 ] ::1 /oneday/cli/index.php/
INFO: [ app_init ] --START--
INFO: Run Behavior\BuildLiteBehavior [ RunTime:0.000021s ]
INFO: [ app_init ] --END-- [ RunTime:0.000443s ]
INFO: [ app_begin ] --START--
INFO: Run Behavior\ReadHtmlCacheBehavior [ RunTime:0.000679s ]
INFO: [ app_begin ] --END-- [ RunTime:0.000772s ]

[ 2015-01-07T00:43:12+08:00 ] ::1 /oneday/cli/index.php/Home/Index/scanForSendSMS.html
INFO: [ app_init ] --START--
INFO: Run Behavior\BuildLiteBehavior [ RunTime:0.000020s ]
INFO: [ app_init ] --END-- [ RunTime:0.000448s ]
INFO: [ app_begin ] --START--
INFO: Run Behavior\ReadHtmlCacheBehavior [ RunTime:0.000795s ]
INFO: [ app_begin ] --END-- [ RunTime:0.000913s ]

[ 2015-01-07T00:46:08+08:00 ] ::1 /oneday/cli/index.php/Home/Index/scanForSendSMS.html
INFO: [ app_init ] --START--
INFO: Run Behavior\BuildLiteBehavior [ RunTime:0.000020s ]
INFO: [ app_init ] --END-- [ RunTime:0.000407s ]
INFO: [ app_begin ] --START--
INFO: Run Behavior\ReadHtmlCacheBehavior [ RunTime:0.000808s ]
INFO: [ app_begin ] --END-- [ RunTime:0.000914s ]

[ 2015-01-07T00:46:09+08:00 ] ::1 /oneday/cli/index.php/Home/Index/scanForSendSMS.html
INFO: [ app_init ] --START--
INFO: Run Behavior\BuildLiteBehavior [ RunTime:0.000020s ]
INFO: [ app_init ] --END-- [ RunTime:0.000422s ]
INFO: [ app_begin ] --START--
INFO: Run Behavior\ReadHtmlCacheBehavior [ RunTime:0.000849s ]
INFO: [ app_begin ] --END-- [ RunTime:0.000967s ]

[ 2015-01-07T00:46:09+08:00 ] ::1 /oneday/cli/index.php/Home/Index/scanForSendSMS.html
INFO: [ app_init ] --START--
INFO: Run Behavior\BuildLiteBehavior [ RunTime:0.000021s ]
INFO: [ app_init ] --END-- [ RunTime:0.000565s ]
INFO: [ app_begin ] --START--
INFO: Run Behavior\ReadHtmlCacheBehavior [ RunTime:0.000858s ]
INFO: [ app_begin ] --END-- [ RunTime:0.000972s ]

[ 2015-01-07T00:46:09+08:00 ] ::1 /oneday/cli/index.php/Home/Index/scanForSendSMS.html
INFO: [ app_init ] --START--
INFO: Run Behavior\BuildLiteBehavior [ RunTime:0.000021s ]
INFO: [ app_init ] --END-- [ RunTime:0.000432s ]
INFO: [ app_begin ] --START--
INFO: Run Behavior\ReadHtmlCacheBehavior [ RunTime:0.000811s ]
INFO: [ app_begin ] --END-- [ RunTime:0.000971s ]

[ 2015-01-07T00:46:09+08:00 ] ::1 /oneday/cli/index.php/Home/Index/scanForSendSMS.html
INFO: [ app_init ] --START--
INFO: Run Behavior\BuildLiteBehavior [ RunTime:0.000033s ]
INFO: [ app_init ] --END-- [ RunTime:0.000511s ]
INFO: [ app_begin ] --START--
INFO: Run Behavior\ReadHtmlCacheBehavior [ RunTime:0.000805s ]
INFO: [ app_begin ] --END-- [ RunTime:0.000939s ]

[ 2015-01-07T00:50:41+08:00 ] ::1 /oneday/cli/index.php/Home/Index/scanForSendSMS.html
INFO: [ app_init ] --START--
INFO: Run Behavior\BuildLiteBehavior [ RunTime:0.000021s ]
INFO: [ app_init ] --END-- [ RunTime:0.000444s ]
INFO: [ app_begin ] --START--
INFO: Run Behavior\ReadHtmlCacheBehavior [ RunTime:0.000773s ]
INFO: [ app_begin ] --END-- [ RunTime:0.000864s ]
NOTIC: [2] require_once(./Application/Common//Common/ucpaas/lib/Ucpaas.class.php): failed to open stream: No such file or directory C:\wamp\www\oneday\cli\Application\Home\Common\function.php 第 16 行.

[ 2015-01-07T00:50:42+08:00 ] ::1 /oneday/cli/index.php/Home/Index/scanForSendSMS.html
INFO: [ app_init ] --START--
INFO: Run Behavior\BuildLiteBehavior [ RunTime:0.000025s ]
INFO: [ app_init ] --END-- [ RunTime:0.000649s ]
INFO: [ app_begin ] --START--
INFO: Run Behavior\ReadHtmlCacheBehavior [ RunTime:0.000732s ]
INFO: [ app_begin ] --END-- [ RunTime:0.000831s ]
NOTIC: [2] require_once(./Application/Common//Common/ucpaas/lib/Ucpaas.class.php): failed to open stream: No such file or directory C:\wamp\www\oneday\cli\Application\Home\Common\function.php 第 16 行.

[ 2015-01-07T00:50:43+08:00 ] ::1 /oneday/cli/index.php/Home/Index/scanForSendSMS.html
INFO: [ app_init ] --START--
INFO: Run Behavior\BuildLiteBehavior [ RunTime:0.000022s ]
INFO: [ app_init ] --END-- [ RunTime:0.000449s ]
INFO: [ app_begin ] --START--
INFO: Run Behavior\ReadHtmlCacheBehavior [ RunTime:0.000712s ]
INFO: [ app_begin ] --END-- [ RunTime:0.000809s ]
NOTIC: [2] require_once(./Application/Common//Common/ucpaas/lib/Ucpaas.class.php): failed to open stream: No such file or directory C:\wamp\www\oneday\cli\Application\Home\Common\function.php 第 16 行.

[ 2015-01-07T00:52:22+08:00 ] ::1 /oneday/cli/index.php/Home/Index/scanForSendSMS.html
INFO: [ app_init ] --START--
INFO: Run Behavior\BuildLiteBehavior [ RunTime:0.000043s ]
INFO: [ app_init ] --END-- [ RunTime:0.000672s ]
INFO: [ app_begin ] --START--
INFO: Run Behavior\ReadHtmlCacheBehavior [ RunTime:0.000825s ]
INFO: [ app_begin ] --END-- [ RunTime:0.000942s ]

[ 2015-01-07T00:53:52+08:00 ] ::1 /oneday/cli/index.php/Home/Index/scanForSendSMS.html
INFO: [ app_init ] --START--
INFO: Run Behavior\BuildLiteBehavior [ RunTime:0.000033s ]
INFO: [ app_init ] --END-- [ RunTime:0.000583s ]
INFO: [ app_begin ] --START--
INFO: Run Behavior\ReadHtmlCacheBehavior [ RunTime:0.000915s ]
INFO: [ app_begin ] --END-- [ RunTime:0.001039s ]
NOTIC: [2] require_once(./Application/Common//Common/function.php): failed to open stream: No such file or directory C:\wamp\www\oneday\cli\Application\Home\Controller\IndexController.class.php 第 5 行.

[ 2015-01-07T00:54:08+08:00 ] ::1 /oneday/cli/index.php/Home/Index/scanForSendSMS.html
INFO: [ app_init ] --START--
INFO: Run Behavior\BuildLiteBehavior [ RunTime:0.000021s ]
INFO: [ app_init ] --END-- [ RunTime:0.000485s ]
INFO: [ app_begin ] --START--
INFO: Run Behavior\ReadHtmlCacheBehavior [ RunTime:0.000674s ]
INFO: [ app_begin ] --END-- [ RunTime:0.000774s ]
INFO: [ app_end ] --START--
INFO: Run Behavior\ShowPageTraceBehavior [ RunTime:0.000875s ]
INFO: [ app_end ] --END-- [ RunTime:0.000980s ]

[ 2015-01-07T00:54:10+08:00 ] ::1 /oneday/cli/index.php/Home/Index/scanForSendSMS.html
INFO: [ app_init ] --START--
INFO: Run Behavior\BuildLiteBehavior [ RunTime:0.000025s ]
INFO: [ app_init ] --END-- [ RunTime:0.000413s ]
INFO: [ app_begin ] --START--
INFO: Run Behavior\ReadHtmlCacheBehavior [ RunTime:0.000747s ]
INFO: [ app_begin ] --END-- [ RunTime:0.000863s ]
INFO: [ app_end ] --START--
INFO: Run Behavior\ShowPageTraceBehavior [ RunTime:0.000827s ]
INFO: [ app_end ] --END-- [ RunTime:0.000940s ]

[ 2015-01-07T00:54:23+08:00 ] ::1 /oneday/cli/index.php/Home/Index/scanForSendSMS.html
INFO: [ app_init ] --START--
INFO: Run Behavior\BuildLiteBehavior [ RunTime:0.000021s ]
INFO: [ app_init ] --END-- [ RunTime:0.000451s ]
INFO: [ app_begin ] --START--
INFO: Run Behavior\ReadHtmlCacheBehavior [ RunTime:0.000735s ]
INFO: [ app_begin ] --END-- [ RunTime:0.000864s ]
INFO: [ app_end ] --START--
INFO: Run Behavior\ShowPageTraceBehavior [ RunTime:0.000943s ]
INFO: [ app_end ] --END-- [ RunTime:0.001106s ]

[ 2015-01-07T00:55:09+08:00 ] ::1 /oneday/cli/index.php/Home/Index/scanForSendSMS.html
INFO: [ app_init ] --START--
INFO: Run Behavior\BuildLiteBehavior [ RunTime:0.000022s ]
INFO: [ app_init ] --END-- [ RunTime:0.000482s ]
INFO: [ app_begin ] --START--
INFO: Run Behavior\ReadHtmlCacheBehavior [ RunTime:0.000678s ]
INFO: [ app_begin ] --END-- [ RunTime:0.000767s ]
INFO: [ app_end ] --START--
INFO: Run Behavior\ShowPageTraceBehavior [ RunTime:0.000849s ]
INFO: [ app_end ] --END-- [ RunTime:0.000990s ]

[ 2015-01-07T00:55:13+08:00 ] ::1 /oneday/cli/index.php/Home/Index/scanForSendSMS.html
INFO: [ app_init ] --START--
INFO: Run Behavior\BuildLiteBehavior [ RunTime:0.000021s ]
INFO: [ app_init ] --END-- [ RunTime:0.000458s ]
INFO: [ app_begin ] --START--
INFO: Run Behavior\ReadHtmlCacheBehavior [ RunTime:0.000719s ]
INFO: [ app_begin ] --END-- [ RunTime:0.000823s ]
INFO: [ app_end ] --START--
INFO: Run Behavior\ShowPageTraceBehavior [ RunTime:0.000816s ]
INFO: [ app_end ] --END-- [ RunTime:0.000925s ]

[ 2015-01-07T04:06:45+08:00 ] ::1 /oneday/cli/index.php/Home/Index/scanForSendSMS.html
ERR: SQLSTATE[42S22]: Column not found: 1054 Champ 'isSMS' inconnu dans where clause

[ 2015-01-07T04:50:10+08:00 ] ::1 /oneday/cli/index.php?m=Home&c=Index&a=scanForSendSMS
ERR: SQLSTATE[23000]: Integrity constraint violation: 1052 Champ: 'isSMS' dans where clause est ambigu

[ 2015-01-07T04:50:56+08:00 ] ::1 /oneday/cli/index.php?m=Home&c=Index&a=scanForSendSMS
ERR: SQLSTATE[23000]: Integrity constraint violation: 1052 Champ: 'isSMS' dans where clause est ambigu

[ 2015-01-07T05:16:17+08:00 ] ::1 /oneday/cli/index.php?m=Home&c=Index&a=scanForSendSMS
ERR: SQLSTATE[42000]: Syntax error or access violation: 1064 Erreur de syntaxe près de 'WHERE ( sid=6 or sid=7 )' à la ligne 1

[ 2015-01-07T05:17:21+08:00 ] ::1 /oneday/cli/index.php?m=Home&c=Index&a=scanForSendSMS
ERR: SQLSTATE[42000]: Syntax error or access violation: 1064 Erreur de syntaxe près de 'WHERE ( sid=6 or sid=7 )' à la ligne 1

[ 2015-01-07T05:18:15+08:00 ] ::1 /oneday/cli/index.php?m=Home&c=Index&a=scanForSendSMS
ERR: SQLSTATE[42000]: Syntax error or access violation: 1064 Erreur de syntaxe près de 'WHERE ( sid=6 or sid=7 )' à la ligne 1

